<?xml version="1.0" encoding="UTF-8"?>
<testsuite xmlns:xsi="http://www.w3.org/2001/XMLSchema-instance" xsi:noNamespaceSchemaLocation="https://maven.apache.org/surefire/maven-surefire-plugin/xsd/surefire-test-report-3.0.xsd" version="3.0" name="com.example.welcomebackend.performance.AuthLoginLoadTest" time="7.03" tests="1" errors="0" skipped="0" failures="0">
  <properties>
[...]
</properties>
  <testcase name="concurrentLoginRequests" classname="com.example.welcomebackend.performance.AuthLoginLoadTest" time="1.719">
    <system-out><![CDATA[16:41:09.934 [main] INFO org.springframework.test.context.support.AnnotationConfigContextLoaderUtils -- Could not detect default configuration classes for test class [com.example.welcomebackend.performance.AuthLoginLoadTest]: AuthLoginLoadTest does not declare any static, non-private, non-final, nested classes annotated with @Configuration.
16:41:10.023 [main] INFO org.springframework.boot.test.context.SpringBootTestContextBootstrapper -- Found @SpringBootConfiguration com.example.welcomebackend.WelcomeBackendApplication for test class com.example.welcomebackend.performance.AuthLoginLoadTest

  .   ____          _            __ _ _
 /\\ / ___'_ __ _ _(_)_ __  __ _ \ \ \ \
( ( )\___ | '_ | '_| | '_ \/ _` | \ \ \ \
 \\/  ___)| |_)| | | | | || (_| |  ) ) ) )
  '  |____| .__|_| |_|_| |_\__, | / / / /
 =========|_|==============|___/=/_/_/_/
 :: Spring Boot ::                (v3.2.0)

2025-11-26T16:41:10.457-05:00  INFO 40897 --- [process] [           main] c.e.w.performance.AuthLoginLoadTest      : Starting AuthLoginLoadTest using Java 17.0.17 with PID 40897 (started by angelem in /home/angelem/Public/ProyectoFinal/backend)
2025-11-26T16:41:10.459-05:00  INFO 40897 --- [process] [           main] c.e.w.performance.AuthLoginLoadTest      : The following 1 profile is active: "dev"
2025-11-26T16:41:11.058-05:00  INFO 40897 --- [process] [           main] .s.d.r.c.RepositoryConfigurationDelegate : Bootstrapping Spring Data JPA repositories in DEFAULT mode.
2025-11-26T16:41:11.112-05:00  INFO 40897 --- [process] [           main] .s.d.r.c.RepositoryConfigurationDelegate : Finished Spring Data repository scanning in 47 ms. Found 7 JPA repository interfaces.
2025-11-26T16:41:11.693-05:00  INFO 40897 --- [process] [           main] o.s.b.w.embedded.tomcat.TomcatWebServer  : Tomcat initialized with port 0 (http)
2025-11-26T16:41:11.706-05:00  INFO 40897 --- [process] [           main] o.apache.catalina.core.StandardService   : Starting service [Tomcat]
2025-11-26T16:41:11.706-05:00  INFO 40897 --- [process] [           main] o.apache.catalina.core.StandardEngine    : Starting Servlet engine: [Apache Tomcat/10.1.16]
2025-11-26T16:41:11.768-05:00  INFO 40897 --- [process] [           main] o.a.c.c.C.[Tomcat].[localhost].[/]       : Initializing Spring embedded WebApplicationContext
2025-11-26T16:41:11.770-05:00  INFO 40897 --- [process] [           main] w.s.c.ServletWebServerApplicationContext : Root WebApplicationContext: initialization completed in 1295 ms
2025-11-26T16:41:11.817-05:00  INFO 40897 --- [process] [           main] com.zaxxer.hikari.HikariDataSource       : HikariPool-1 - Starting...
2025-11-26T16:41:12.051-05:00  INFO 40897 --- [process] [           main] com.zaxxer.hikari.pool.HikariPool        : HikariPool-1 - Added connection conn0: url=jdbc:h2:mem:processdb user=SA
2025-11-26T16:41:12.053-05:00  INFO 40897 --- [process] [           main] com.zaxxer.hikari.HikariDataSource       : HikariPool-1 - Start completed.
2025-11-26T16:41:12.066-05:00  INFO 40897 --- [process] [           main] o.s.b.a.h2.H2ConsoleAutoConfiguration    : H2 console available at '/h2-console'. Database available at 'jdbc:h2:mem:processdb'
2025-11-26T16:41:12.220-05:00  INFO 40897 --- [process] [           main] o.hibernate.jpa.internal.util.LogHelper  : HHH000204: Processing PersistenceUnitInfo [name: default]
2025-11-26T16:41:12.277-05:00  INFO 40897 --- [process] [           main] org.hibernate.Version                    : HHH000412: Hibernate ORM core version 6.3.1.Final
2025-11-26T16:41:12.321-05:00  INFO 40897 --- [process] [           main] o.h.c.internal.RegionFactoryInitiator    : HHH000026: Second-level cache disabled
2025-11-26T16:41:12.554-05:00  INFO 40897 --- [process] [           main] o.s.o.j.p.SpringPersistenceUnitInfo      : No LoadTimeWeaver setup: ignoring JPA class transformer
2025-11-26T16:41:12.621-05:00  WARN 40897 --- [process] [           main] org.hibernate.orm.deprecation            : HHH90000025: H2Dialect does not need to be specified explicitly using 'hibernate.dialect' (remove the property setting and it will be selected by default)
2025-11-26T16:41:13.668-05:00  INFO 40897 --- [process] [           main] o.h.e.t.j.p.i.JtaPlatformInitiator       : HHH000489: No JTA platform available (set 'hibernate.transaction.jta.platform' to enable JTA platform integration)
Hibernate: 
    create table activities (
        id bigint generated by default as identity,
        activity_type varchar(60),
        description varchar(2000),
        name varchar(120) not null,
        x float(53),
        y float(53),
        process_id bigint not null,
        responsible_role_id bigint,
        primary key (id)
    )
Hibernate: 
    create table app_users (
        id bigint generated by default as identity,
        email varchar(120) not null,
        full_name varchar(120),
        password varchar(100) not null,
        username varchar(60) not null,
        company_id bigint,
        primary key (id)
    )
Hibernate: 
    create table arcs (
        id bigint generated by default as identity,
        source_id bigint,
        source_type varchar(20) not null,
        target_id bigint,
        target_type varchar(20) not null,
        process_id bigint not null,
        primary key (id)
    )
Hibernate: 
    create table companies (
        id bigint generated by default as identity,
        contact_email varchar(120),
        name varchar(140) not null,
        nit varchar(40) not null,
        primary key (id)
    )
Hibernate: 
    create table gateways (
        id bigint generated by default as identity,
        conditions varchar(2000),
        gateway_type varchar(20) not null check (gateway_type in ('EXCLUSIVE','PARALLEL','INCLUSIVE')),
        name varchar(120) not null,
        x float(53),
        y float(53),
        process_id bigint not null,
        primary key (id)
    )
Hibernate: 
    create table processes (
        id bigint generated by default as identity,
        active boolean not null,
        category varchar(80),
        created_at timestamp(6) not null,
        description varchar(2000),
        name varchar(140) not null,
        status varchar(20) not null check (status in ('DRAFT','PUBLISHED')),
        updated_at timestamp(6) not null,
        company_id bigint not null,
        primary key (id)
    )
Hibernate: 
    create table roles (
        id bigint generated by default as identity,
        description varchar(200),
        name varchar(60) not null,
        company_id bigint not null,
        primary key (id)
    )
Hibernate: 
    create table user_roles (
        user_id bigint not null,
        role_id bigint not null,
        primary key (user_id, role_id)
    )
Hibernate: 
    create index idx_activity_process 
       on activities (process_id)
Hibernate: 
    create index idx_activity_resp_role 
       on activities (responsible_role_id)
Hibernate: 
    create index idx_appuser_company 
       on app_users (company_id)
Hibernate: 
    create index idx_appuser_email 
       on app_users (email)
Hibernate: 
    alter table if exists app_users 
       drop constraint if exists uq_appuser_username
Hibernate: 
    alter table if exists app_users 
       add constraint uq_appuser_username unique (username)
Hibernate: 
    alter table if exists app_users 
       drop constraint if exists uq_appuser_email
Hibernate: 
    alter table if exists app_users 
       add constraint uq_appuser_email unique (email)
Hibernate: 
    create index idx_arc_process 
       on arcs (process_id)
Hibernate: 
    alter table if exists companies 
       drop constraint if exists uq_company_nit
Hibernate: 
    alter table if exists companies 
       add constraint uq_company_nit unique (nit)
Hibernate: 
    create index idx_gateway_process 
       on gateways (process_id)
Hibernate: 
    create index idx_role_company 
       on roles (company_id)
Hibernate: 
    alter table if exists roles 
       drop constraint if exists uq_role_company_name
Hibernate: 
    alter table if exists roles 
       add constraint uq_role_company_name unique (company_id, name)
Hibernate: 
    alter table if exists activities 
       add constraint FK8vof6x2u0hh2i98v5q61as7gg 
       foreign key (process_id) 
       references processes
Hibernate: 
    alter table if exists activities 
       add constraint FK3bahlb2on98ovv2ac05y0lskb 
       foreign key (responsible_role_id) 
       references roles
Hibernate: 
    alter table if exists app_users 
       add constraint FKf8ysok777jygqbk52cgdsuce9 
       foreign key (company_id) 
       references companies
Hibernate: 
    alter table if exists arcs 
       add constraint FK553whyd1twdieayiy2tpkjpus 
       foreign key (process_id) 
       references processes
Hibernate: 
    alter table if exists gateways 
       add constraint FKer5e5cuf6d9oru4t8j4sa5vko 
       foreign key (process_id) 
       references processes
Hibernate: 
    alter table if exists processes 
       add constraint FKph2m8yr52lqt6gnbgi8ht0n37 
       foreign key (company_id) 
       references companies
Hibernate: 
    alter table if exists roles 
       add constraint FKcws3108ier5wt4b0df1l5ytcm 
       foreign key (company_id) 
       references companies
Hibernate: 
    alter table if exists user_roles 
       add constraint FKh8ciramu9cc9q3qcqiv4ue8a6 
       foreign key (role_id) 
       references roles
Hibernate: 
    alter table if exists user_roles 
       add constraint FKaf154i5th4vvgbahf8b8pa688 
       foreign key (user_id) 
       references app_users
2025-11-26T16:41:13.745-05:00  INFO 40897 --- [process] [           main] j.LocalContainerEntityManagerFactoryBean : Initialized JPA EntityManagerFactory for persistence unit 'default'
2025-11-26T16:41:14.346-05:00 TRACE 40897 --- [process] [           main] eGlobalAuthenticationAutowiredConfigurer : Eagerly initializing {org.springframework.boot.autoconfigure.security.servlet.SpringBootWebSecurityConfiguration$WebSecurityEnablerConfiguration=org.springframework.boot.autoconfigure.security.servlet.SpringBootWebSecurityConfiguration$WebSecurityEnablerConfiguration@786de0a3}
2025-11-26T16:41:14.370-05:00  WARN 40897 --- [process] [           main] JpaBaseConfiguration$JpaWebConfiguration : spring.jpa.open-in-view is enabled by default. Therefore, database queries may be performed during view rendering. Explicitly configure spring.jpa.open-in-view to disable this warning
2025-11-26T16:41:14.679-05:00  INFO 40897 --- [process] [           main] o.s.s.web.DefaultSecurityFilterChain     : Will secure any request with [org.springframework.security.web.session.DisableEncodeUrlFilter@741f8cf, org.springframework.security.web.context.request.async.WebAsyncManagerIntegrationFilter@2926144f, org.springframework.security.web.context.SecurityContextHolderFilter@31b827a6, org.springframework.security.web.header.HeaderWriterFilter@3c5d183, org.springframework.web.filter.CorsFilter@1df8ea34, org.springframework.security.web.authentication.logout.LogoutFilter@413a2520, com.example.welcomebackend.config.JwtAuthFilter@2a728076, org.springframework.security.web.savedrequest.RequestCacheAwareFilter@203b98cf, org.springframework.security.web.servletapi.SecurityContextHolderAwareRequestFilter@52bcd7c9, org.springframework.security.web.authentication.AnonymousAuthenticationFilter@6b0636d9, org.springframework.security.web.session.SessionManagementFilter@106e6dfe, org.springframework.security.web.access.ExceptionTranslationFilter@77a13162, org.springframework.security.web.access.intercept.AuthorizationFilter@1027cdcd]
2025-11-26T16:41:15.105-05:00  INFO 40897 --- [process] [           main] o.s.b.w.embedded.tomcat.TomcatWebServer  : Tomcat started on port 45721 (http) with context path ''
2025-11-26T16:41:15.113-05:00  INFO 40897 --- [process] [           main] c.e.w.performance.AuthLoginLoadTest      : Started AuthLoginLoadTest in 4.843 seconds (process running for 5.734)
Hibernate: 
    select
        au1_0.id,
        au1_0.company_id,
        au1_0.email,
        au1_0.full_name,
        au1_0.password,
        au1_0.username 
    from
        app_users au1_0 
    where
        au1_0.username=?
Hibernate: 
    insert 
    into
        app_users
        (company_id, email, full_name, password, username, id) 
    values
        (?, ?, ?, ?, ?, default)
2025-11-26T16:41:15.744-05:00  INFO 40897 --- [process] [o-auto-1-exec-1] o.a.c.c.C.[Tomcat].[localhost].[/]       : Initializing Spring DispatcherServlet 'dispatcherServlet'
2025-11-26T16:41:15.744-05:00  INFO 40897 --- [process] [o-auto-1-exec-1] o.s.web.servlet.DispatcherServlet        : Initializing Servlet 'dispatcherServlet'
2025-11-26T16:41:15.745-05:00  INFO 40897 --- [process] [o-auto-1-exec-1] o.s.web.servlet.DispatcherServlet        : Completed initialization in 1 ms
2025-11-26T16:41:15.751-05:00 TRACE 40897 --- [process] [o-auto-1-exec-2] o.s.security.web.FilterChainProxy        : Trying to match request against DefaultSecurityFilterChain [RequestMatcher=any request, Filters=[org.springframework.security.web.session.DisableEncodeUrlFilter@741f8cf, org.springframework.security.web.context.request.async.WebAsyncManagerIntegrationFilter@2926144f, org.springframework.security.web.context.SecurityContextHolderFilter@31b827a6, org.springframework.security.web.header.HeaderWriterFilter@3c5d183, org.springframework.web.filter.CorsFilter@1df8ea34, org.springframework.security.web.authentication.logout.LogoutFilter@413a2520, com.example.welcomebackend.config.JwtAuthFilter@2a728076, org.springframework.security.web.savedrequest.RequestCacheAwareFilter@203b98cf, org.springframework.security.web.servletapi.SecurityContextHolderAwareRequestFilter@52bcd7c9, org.springframework.security.web.authentication.AnonymousAuthenticationFilter@6b0636d9, org.springframework.security.web.session.SessionManagementFilter@106e6dfe, org.springframework.security.web.access.ExceptionTranslationFilter@77a13162, org.springframework.security.web.access.intercept.AuthorizationFilter@1027cdcd]] (1/1)
2025-11-26T16:41:15.751-05:00 TRACE 40897 --- [process] [-auto-1-exec-10] o.s.security.web.FilterChainProxy        : Trying to match request against DefaultSecurityFilterChain [RequestMatcher=any request, Filters=[org.springframework.security.web.session.DisableEncodeUrlFilter@741f8cf, org.springframework.security.web.context.request.async.WebAsyncManagerIntegrationFilter@2926144f, org.springframework.security.web.context.SecurityContextHolderFilter@31b827a6, org.springframework.security.web.header.HeaderWriterFilter@3c5d183, org.springframework.web.filter.CorsFilter@1df8ea34, org.springframework.security.web.authentication.logout.LogoutFilter@413a2520, com.example.welcomebackend.config.JwtAuthFilter@2a728076, org.springframework.security.web.savedrequest.RequestCacheAwareFilter@203b98cf, org.springframework.security.web.servletapi.SecurityContextHolderAwareRequestFilter@52bcd7c9, org.springframework.security.web.authentication.AnonymousAuthenticationFilter@6b0636d9, org.springframework.security.web.session.SessionManagementFilter@106e6dfe, org.springframework.security.web.access.ExceptionTranslationFilter@77a13162, org.springframework.security.web.access.intercept.AuthorizationFilter@1027cdcd]] (1/1)
2025-11-26T16:41:15.751-05:00 TRACE 40897 --- [process] [o-auto-1-exec-7] o.s.security.web.FilterChainProxy        : Trying to match request against DefaultSecurityFilterChain [RequestMatcher=any request, Filters=[org.springframework.security.web.session.DisableEncodeUrlFilter@741f8cf, org.springframework.security.web.context.request.async.WebAsyncManagerIntegrationFilter@2926144f, org.springframework.security.web.context.SecurityContextHolderFilter@31b827a6, org.springframework.security.web.header.HeaderWriterFilter@3c5d183, org.springframework.web.filter.CorsFilter@1df8ea34, org.springframework.security.web.authentication.logout.LogoutFilter@413a2520, com.example.welcomebackend.config.JwtAuthFilter@2a728076, org.springframework.security.web.savedrequest.RequestCacheAwareFilter@203b98cf, org.springframework.security.web.servletapi.SecurityContextHolderAwareRequestFilter@52bcd7c9, org.springframework.security.web.authentication.AnonymousAuthenticationFilter@6b0636d9, org.springframework.security.web.session.SessionManagementFilter@106e6dfe, org.springframework.security.web.access.ExceptionTranslationFilter@77a13162, org.springframework.security.web.access.intercept.AuthorizationFilter@1027cdcd]] (1/1)
2025-11-26T16:41:15.751-05:00 TRACE 40897 --- [process] [o-auto-1-exec-9] o.s.security.web.FilterChainProxy        : Trying to match request against DefaultSecurityFilterChain [RequestMatcher=any request, Filters=[org.springframework.security.web.session.DisableEncodeUrlFilter@741f8cf, org.springframework.security.web.context.request.async.WebAsyncManagerIntegrationFilter@2926144f, org.springframework.security.web.context.SecurityContextHolderFilter@31b827a6, org.springframework.security.web.header.HeaderWriterFilter@3c5d183, org.springframework.web.filter.CorsFilter@1df8ea34, org.springframework.security.web.authentication.logout.LogoutFilter@413a2520, com.example.welcomebackend.config.JwtAuthFilter@2a728076, org.springframework.security.web.savedrequest.RequestCacheAwareFilter@203b98cf, org.springframework.security.web.servletapi.SecurityContextHolderAwareRequestFilter@52bcd7c9, org.springframework.security.web.authentication.AnonymousAuthenticationFilter@6b0636d9, org.springframework.security.web.session.SessionManagementFilter@106e6dfe, org.springframework.security.web.access.ExceptionTranslationFilter@77a13162, org.springframework.security.web.access.intercept.AuthorizationFilter@1027cdcd]] (1/1)
2025-11-26T16:41:15.751-05:00 TRACE 40897 --- [process] [o-auto-1-exec-3] o.s.security.web.FilterChainProxy        : Trying to match request against DefaultSecurityFilterChain [RequestMatcher=any request, Filters=[org.springframework.security.web.session.DisableEncodeUrlFilter@741f8cf, org.springframework.security.web.context.request.async.WebAsyncManagerIntegrationFilter@2926144f, org.springframework.security.web.context.SecurityContextHolderFilter@31b827a6, org.springframework.security.web.header.HeaderWriterFilter@3c5d183, org.springframework.web.filter.CorsFilter@1df8ea34, org.springframework.security.web.authentication.logout.LogoutFilter@413a2520, com.example.welcomebackend.config.JwtAuthFilter@2a728076, org.springframework.security.web.savedrequest.RequestCacheAwareFilter@203b98cf, org.springframework.security.web.servletapi.SecurityContextHolderAwareRequestFilter@52bcd7c9, org.springframework.security.web.authentication.AnonymousAuthenticationFilter@6b0636d9, org.springframework.security.web.session.SessionManagementFilter@106e6dfe, org.springframework.security.web.access.ExceptionTranslationFilter@77a13162, org.springframework.security.web.access.intercept.AuthorizationFilter@1027cdcd]] (1/1)
2025-11-26T16:41:15.751-05:00 TRACE 40897 --- [process] [o-auto-1-exec-5] o.s.security.web.FilterChainProxy        : Trying to match request against DefaultSecurityFilterChain [RequestMatcher=any request, Filters=[org.springframework.security.web.session.DisableEncodeUrlFilter@741f8cf, org.springframework.security.web.context.request.async.WebAsyncManagerIntegrationFilter@2926144f, org.springframework.security.web.context.SecurityContextHolderFilter@31b827a6, org.springframework.security.web.header.HeaderWriterFilter@3c5d183, org.springframework.web.filter.CorsFilter@1df8ea34, org.springframework.security.web.authentication.logout.LogoutFilter@413a2520, com.example.welcomebackend.config.JwtAuthFilter@2a728076, org.springframework.security.web.savedrequest.RequestCacheAwareFilter@203b98cf, org.springframework.security.web.servletapi.SecurityContextHolderAwareRequestFilter@52bcd7c9, org.springframework.security.web.authentication.AnonymousAuthenticationFilter@6b0636d9, org.springframework.security.web.session.SessionManagementFilter@106e6dfe, org.springframework.security.web.access.ExceptionTranslationFilter@77a13162, org.springframework.security.web.access.intercept.AuthorizationFilter@1027cdcd]] (1/1)
2025-11-26T16:41:15.751-05:00 TRACE 40897 --- [process] [o-auto-1-exec-4] o.s.security.web.FilterChainProxy        : Trying to match request against DefaultSecurityFilterChain [RequestMatcher=any request, Filters=[org.springframework.security.web.session.DisableEncodeUrlFilter@741f8cf, org.springframework.security.web.context.request.async.WebAsyncManagerIntegrationFilter@2926144f, org.springframework.security.web.context.SecurityContextHolderFilter@31b827a6, org.springframework.security.web.header.HeaderWriterFilter@3c5d183, org.springframework.web.filter.CorsFilter@1df8ea34, org.springframework.security.web.authentication.logout.LogoutFilter@413a2520, com.example.welcomebackend.config.JwtAuthFilter@2a728076, org.springframework.security.web.savedrequest.RequestCacheAwareFilter@203b98cf, org.springframework.security.web.servletapi.SecurityContextHolderAwareRequestFilter@52bcd7c9, org.springframework.security.web.authentication.AnonymousAuthenticationFilter@6b0636d9, org.springframework.security.web.session.SessionManagementFilter@106e6dfe, org.springframework.security.web.access.ExceptionTranslationFilter@77a13162, org.springframework.security.web.access.intercept.AuthorizationFilter@1027cdcd]] (1/1)
2025-11-26T16:41:15.751-05:00 TRACE 40897 --- [process] [o-auto-1-exec-6] o.s.security.web.FilterChainProxy        : Trying to match request against DefaultSecurityFilterChain [RequestMatcher=any request, Filters=[org.springframework.security.web.session.DisableEncodeUrlFilter@741f8cf, org.springframework.security.web.context.request.async.WebAsyncManagerIntegrationFilter@2926144f, org.springframework.security.web.context.SecurityContextHolderFilter@31b827a6, org.springframework.security.web.header.HeaderWriterFilter@3c5d183, org.springframework.web.filter.CorsFilter@1df8ea34, org.springframework.security.web.authentication.logout.LogoutFilter@413a2520, com.example.welcomebackend.config.JwtAuthFilter@2a728076, org.springframework.security.web.savedrequest.RequestCacheAwareFilter@203b98cf, org.springframework.security.web.servletapi.SecurityContextHolderAwareRequestFilter@52bcd7c9, org.springframework.security.web.authentication.AnonymousAuthenticationFilter@6b0636d9, org.springframework.security.web.session.SessionManagementFilter@106e6dfe, org.springframework.security.web.access.ExceptionTranslationFilter@77a13162, org.springframework.security.web.access.intercept.AuthorizationFilter@1027cdcd]] (1/1)
2025-11-26T16:41:15.752-05:00 DEBUG 40897 --- [process] [o-auto-1-exec-4] o.s.security.web.FilterChainProxy        : Securing POST /api/auth/login
2025-11-26T16:41:15.751-05:00 TRACE 40897 --- [process] [o-auto-1-exec-8] o.s.security.web.FilterChainProxy        : Trying to match request against DefaultSecurityFilterChain [RequestMatcher=any request, Filters=[org.springframework.security.web.session.DisableEncodeUrlFilter@741f8cf, org.springframework.security.web.context.request.async.WebAsyncManagerIntegrationFilter@2926144f, org.springframework.security.web.context.SecurityContextHolderFilter@31b827a6, org.springframework.security.web.header.HeaderWriterFilter@3c5d183, org.springframework.web.filter.CorsFilter@1df8ea34, org.springframework.security.web.authentication.logout.LogoutFilter@413a2520, com.example.welcomebackend.config.JwtAuthFilter@2a728076, org.springframework.security.web.savedrequest.RequestCacheAwareFilter@203b98cf, org.springframework.security.web.servletapi.SecurityContextHolderAwareRequestFilter@52bcd7c9, org.springframework.security.web.authentication.AnonymousAuthenticationFilter@6b0636d9, org.springframework.security.web.session.SessionManagementFilter@106e6dfe, org.springframework.security.web.access.ExceptionTranslationFilter@77a13162, org.springframework.security.web.access.intercept.AuthorizationFilter@1027cdcd]] (1/1)
2025-11-26T16:41:15.751-05:00 TRACE 40897 --- [process] [o-auto-1-exec-1] o.s.security.web.FilterChainProxy        : Trying to match request against DefaultSecurityFilterChain [RequestMatcher=any request, Filters=[org.springframework.security.web.session.DisableEncodeUrlFilter@741f8cf, org.springframework.security.web.context.request.async.WebAsyncManagerIntegrationFilter@2926144f, org.springframework.security.web.context.SecurityContextHolderFilter@31b827a6, org.springframework.security.web.header.HeaderWriterFilter@3c5d183, org.springframework.web.filter.CorsFilter@1df8ea34, org.springframework.security.web.authentication.logout.LogoutFilter@413a2520, com.example.welcomebackend.config.JwtAuthFilter@2a728076, org.springframework.security.web.savedrequest.RequestCacheAwareFilter@203b98cf, org.springframework.security.web.servletapi.SecurityContextHolderAwareRequestFilter@52bcd7c9, org.springframework.security.web.authentication.AnonymousAuthenticationFilter@6b0636d9, org.springframework.security.web.session.SessionManagementFilter@106e6dfe, org.springframework.security.web.access.ExceptionTranslationFilter@77a13162, org.springframework.security.web.access.intercept.AuthorizationFilter@1027cdcd]] (1/1)
2025-11-26T16:41:15.752-05:00 DEBUG 40897 --- [process] [-auto-1-exec-10] o.s.security.web.FilterChainProxy        : Securing POST /api/auth/login
2025-11-26T16:41:15.752-05:00 DEBUG 40897 --- [process] [o-auto-1-exec-2] o.s.security.web.FilterChainProxy        : Securing POST /api/auth/login
2025-11-26T16:41:15.752-05:00 DEBUG 40897 --- [process] [o-auto-1-exec-9] o.s.security.web.FilterChainProxy        : Securing POST /api/auth/login
2025-11-26T16:41:15.752-05:00 DEBUG 40897 --- [process] [o-auto-1-exec-1] o.s.security.web.FilterChainProxy        : Securing POST /api/auth/login
2025-11-26T16:41:15.752-05:00 DEBUG 40897 --- [process] [o-auto-1-exec-7] o.s.security.web.FilterChainProxy        : Securing POST /api/auth/login
2025-11-26T16:41:15.752-05:00 DEBUG 40897 --- [process] [o-auto-1-exec-3] o.s.security.web.FilterChainProxy        : Securing POST /api/auth/login
2025-11-26T16:41:15.752-05:00 DEBUG 40897 --- [process] [o-auto-1-exec-5] o.s.security.web.FilterChainProxy        : Securing POST /api/auth/login
2025-11-26T16:41:15.752-05:00 DEBUG 40897 --- [process] [o-auto-1-exec-6] o.s.security.web.FilterChainProxy        : Securing POST /api/auth/login
2025-11-26T16:41:15.752-05:00 DEBUG 40897 --- [process] [o-auto-1-exec-8] o.s.security.web.FilterChainProxy        : Securing POST /api/auth/login
2025-11-26T16:41:15.753-05:00 TRACE 40897 --- [process] [o-auto-1-exec-5] o.s.security.web.FilterChainProxy        : Invoking DisableEncodeUrlFilter (1/13)
2025-11-26T16:41:15.753-05:00 TRACE 40897 --- [process] [o-auto-1-exec-1] o.s.security.web.FilterChainProxy        : Invoking DisableEncodeUrlFilter (1/13)
2025-11-26T16:41:15.753-05:00 TRACE 40897 --- [process] [o-auto-1-exec-2] o.s.security.web.FilterChainProxy        : Invoking DisableEncodeUrlFilter (1/13)
2025-11-26T16:41:15.753-05:00 TRACE 40897 --- [process] [o-auto-1-exec-4] o.s.security.web.FilterChainProxy        : Invoking DisableEncodeUrlFilter (1/13)
2025-11-26T16:41:15.753-05:00 TRACE 40897 --- [process] [o-auto-1-exec-6] o.s.security.web.FilterChainProxy        : Invoking DisableEncodeUrlFilter (1/13)
2025-11-26T16:41:15.753-05:00 TRACE 40897 --- [process] [-auto-1-exec-10] o.s.security.web.FilterChainProxy        : Invoking DisableEncodeUrlFilter (1/13)
2025-11-26T16:41:15.753-05:00 TRACE 40897 --- [process] [o-auto-1-exec-7] o.s.security.web.FilterChainProxy        : Invoking DisableEncodeUrlFilter (1/13)
2025-11-26T16:41:15.753-05:00 TRACE 40897 --- [process] [o-auto-1-exec-3] o.s.security.web.FilterChainProxy        : Invoking DisableEncodeUrlFilter (1/13)
2025-11-26T16:41:15.753-05:00 TRACE 40897 --- [process] [o-auto-1-exec-8] o.s.security.web.FilterChainProxy        : Invoking DisableEncodeUrlFilter (1/13)
2025-11-26T16:41:15.753-05:00 TRACE 40897 --- [process] [-auto-1-exec-10] o.s.security.web.FilterChainProxy        : Invoking WebAsyncManagerIntegrationFilter (2/13)
2025-11-26T16:41:15.753-05:00 TRACE 40897 --- [process] [o-auto-1-exec-9] o.s.security.web.FilterChainProxy        : Invoking DisableEncodeUrlFilter (1/13)
2025-11-26T16:41:15.753-05:00 TRACE 40897 --- [process] [o-auto-1-exec-8] o.s.security.web.FilterChainProxy        : Invoking WebAsyncManagerIntegrationFilter (2/13)
2025-11-26T16:41:15.753-05:00 TRACE 40897 --- [process] [o-auto-1-exec-1] o.s.security.web.FilterChainProxy        : Invoking WebAsyncManagerIntegrationFilter (2/13)
2025-11-26T16:41:15.753-05:00 TRACE 40897 --- [process] [o-auto-1-exec-9] o.s.security.web.FilterChainProxy        : Invoking WebAsyncManagerIntegrationFilter (2/13)
2025-11-26T16:41:15.753-05:00 TRACE 40897 --- [process] [o-auto-1-exec-7] o.s.security.web.FilterChainProxy        : Invoking WebAsyncManagerIntegrationFilter (2/13)
2025-11-26T16:41:15.753-05:00 TRACE 40897 --- [process] [o-auto-1-exec-2] o.s.security.web.FilterChainProxy        : Invoking WebAsyncManagerIntegrationFilter (2/13)
2025-11-26T16:41:15.753-05:00 TRACE 40897 --- [process] [o-auto-1-exec-5] o.s.security.web.FilterChainProxy        : Invoking WebAsyncManagerIntegrationFilter (2/13)
2025-11-26T16:41:15.753-05:00 TRACE 40897 --- [process] [o-auto-1-exec-6] o.s.security.web.FilterChainProxy        : Invoking WebAsyncManagerIntegrationFilter (2/13)
2025-11-26T16:41:15.753-05:00 TRACE 40897 --- [process] [o-auto-1-exec-4] o.s.security.web.FilterChainProxy        : Invoking WebAsyncManagerIntegrationFilter (2/13)
2025-11-26T16:41:15.753-05:00 TRACE 40897 --- [process] [o-auto-1-exec-3] o.s.security.web.FilterChainProxy        : Invoking WebAsyncManagerIntegrationFilter (2/13)
2025-11-26T16:41:15.754-05:00 TRACE 40897 --- [process] [o-auto-1-exec-1] o.s.security.web.FilterChainProxy        : Invoking SecurityContextHolderFilter (3/13)
2025-11-26T16:41:15.754-05:00 TRACE 40897 --- [process] [o-auto-1-exec-4] o.s.security.web.FilterChainProxy        : Invoking SecurityContextHolderFilter (3/13)
2025-11-26T16:41:15.754-05:00 TRACE 40897 --- [process] [o-auto-1-exec-5] o.s.security.web.FilterChainProxy        : Invoking SecurityContextHolderFilter (3/13)
2025-11-26T16:41:15.754-05:00 TRACE 40897 --- [process] [-auto-1-exec-10] o.s.security.web.FilterChainProxy        : Invoking SecurityContextHolderFilter (3/13)
2025-11-26T16:41:15.754-05:00 TRACE 40897 --- [process] [o-auto-1-exec-3] o.s.security.web.FilterChainProxy        : Invoking SecurityContextHolderFilter (3/13)
2025-11-26T16:41:15.754-05:00 TRACE 40897 --- [process] [o-auto-1-exec-2] o.s.security.web.FilterChainProxy        : Invoking SecurityContextHolderFilter (3/13)
2025-11-26T16:41:15.754-05:00 TRACE 40897 --- [process] [o-auto-1-exec-9] o.s.security.web.FilterChainProxy        : Invoking SecurityContextHolderFilter (3/13)
2025-11-26T16:41:15.754-05:00 TRACE 40897 --- [process] [o-auto-1-exec-7] o.s.security.web.FilterChainProxy        : Invoking SecurityContextHolderFilter (3/13)
2025-11-26T16:41:15.754-05:00 TRACE 40897 --- [process] [o-auto-1-exec-8] o.s.security.web.FilterChainProxy        : Invoking SecurityContextHolderFilter (3/13)
2025-11-26T16:41:15.754-05:00 TRACE 40897 --- [process] [o-auto-1-exec-6] o.s.security.web.FilterChainProxy        : Invoking SecurityContextHolderFilter (3/13)
2025-11-26T16:41:15.755-05:00 TRACE 40897 --- [process] [o-auto-1-exec-1] o.s.security.web.FilterChainProxy        : Invoking HeaderWriterFilter (4/13)
2025-11-26T16:41:15.755-05:00 TRACE 40897 --- [process] [o-auto-1-exec-4] o.s.security.web.FilterChainProxy        : Invoking HeaderWriterFilter (4/13)
2025-11-26T16:41:15.755-05:00 TRACE 40897 --- [process] [o-auto-1-exec-6] o.s.security.web.FilterChainProxy        : Invoking HeaderWriterFilter (4/13)
2025-11-26T16:41:15.755-05:00 TRACE 40897 --- [process] [o-auto-1-exec-2] o.s.security.web.FilterChainProxy        : Invoking HeaderWriterFilter (4/13)
2025-11-26T16:41:15.755-05:00 TRACE 40897 --- [process] [o-auto-1-exec-7] o.s.security.web.FilterChainProxy        : Invoking HeaderWriterFilter (4/13)
2025-11-26T16:41:15.755-05:00 TRACE 40897 --- [process] [o-auto-1-exec-3] o.s.security.web.FilterChainProxy        : Invoking HeaderWriterFilter (4/13)
2025-11-26T16:41:15.756-05:00 TRACE 40897 --- [process] [o-auto-1-exec-9] o.s.security.web.FilterChainProxy        : Invoking HeaderWriterFilter (4/13)
2025-11-26T16:41:15.755-05:00 TRACE 40897 --- [process] [o-auto-1-exec-8] o.s.security.web.FilterChainProxy        : Invoking HeaderWriterFilter (4/13)
2025-11-26T16:41:15.756-05:00 TRACE 40897 --- [process] [o-auto-1-exec-5] o.s.security.web.FilterChainProxy        : Invoking HeaderWriterFilter (4/13)
2025-11-26T16:41:15.755-05:00 TRACE 40897 --- [process] [-auto-1-exec-10] o.s.security.web.FilterChainProxy        : Invoking HeaderWriterFilter (4/13)
2025-11-26T16:41:15.757-05:00 TRACE 40897 --- [process] [o-auto-1-exec-9] o.s.security.web.FilterChainProxy        : Invoking CorsFilter (5/13)
2025-11-26T16:41:15.757-05:00 TRACE 40897 --- [process] [o-auto-1-exec-1] o.s.security.web.FilterChainProxy        : Invoking CorsFilter (5/13)
2025-11-26T16:41:15.757-05:00 TRACE 40897 --- [process] [o-auto-1-exec-6] o.s.security.web.FilterChainProxy        : Invoking CorsFilter (5/13)
2025-11-26T16:41:15.757-05:00 TRACE 40897 --- [process] [o-auto-1-exec-4] o.s.security.web.FilterChainProxy        : Invoking CorsFilter (5/13)
2025-11-26T16:41:15.757-05:00 TRACE 40897 --- [process] [o-auto-1-exec-5] o.s.security.web.FilterChainProxy        : Invoking CorsFilter (5/13)
2025-11-26T16:41:15.757-05:00 TRACE 40897 --- [process] [o-auto-1-exec-2] o.s.security.web.FilterChainProxy        : Invoking CorsFilter (5/13)
2025-11-26T16:41:15.757-05:00 TRACE 40897 --- [process] [-auto-1-exec-10] o.s.security.web.FilterChainProxy        : Invoking CorsFilter (5/13)
2025-11-26T16:41:15.757-05:00 TRACE 40897 --- [process] [o-auto-1-exec-8] o.s.security.web.FilterChainProxy        : Invoking CorsFilter (5/13)
2025-11-26T16:41:15.757-05:00 TRACE 40897 --- [process] [o-auto-1-exec-7] o.s.security.web.FilterChainProxy        : Invoking CorsFilter (5/13)
2025-11-26T16:41:15.757-05:00 TRACE 40897 --- [process] [o-auto-1-exec-3] o.s.security.web.FilterChainProxy        : Invoking CorsFilter (5/13)
2025-11-26T16:41:15.759-05:00 TRACE 40897 --- [process] [o-auto-1-exec-5] o.s.security.web.FilterChainProxy        : Invoking LogoutFilter (6/13)
2025-11-26T16:41:15.759-05:00 TRACE 40897 --- [process] [o-auto-1-exec-3] o.s.security.web.FilterChainProxy        : Invoking LogoutFilter (6/13)
2025-11-26T16:41:15.759-05:00 TRACE 40897 --- [process] [o-auto-1-exec-2] o.s.security.web.FilterChainProxy        : Invoking LogoutFilter (6/13)
2025-11-26T16:41:15.759-05:00 TRACE 40897 --- [process] [-auto-1-exec-10] o.s.security.web.FilterChainProxy        : Invoking LogoutFilter (6/13)
2025-11-26T16:41:15.759-05:00 TRACE 40897 --- [process] [o-auto-1-exec-8] o.s.security.web.FilterChainProxy        : Invoking LogoutFilter (6/13)
2025-11-26T16:41:15.759-05:00 TRACE 40897 --- [process] [o-auto-1-exec-1] o.s.security.web.FilterChainProxy        : Invoking LogoutFilter (6/13)
2025-11-26T16:41:15.759-05:00 TRACE 40897 --- [process] [o-auto-1-exec-4] o.s.security.web.FilterChainProxy        : Invoking LogoutFilter (6/13)
2025-11-26T16:41:15.760-05:00 TRACE 40897 --- [process] [o-auto-1-exec-8] o.s.s.w.a.logout.LogoutFilter            : Did not match request to Or [Ant [pattern='/logout', GET], Ant [pattern='/logout', POST], Ant [pattern='/logout', PUT], Ant [pattern='/logout', DELETE]]
2025-11-26T16:41:15.760-05:00 TRACE 40897 --- [process] [o-auto-1-exec-3] o.s.s.w.a.logout.LogoutFilter            : Did not match request to Or [Ant [pattern='/logout', GET], Ant [pattern='/logout', POST], Ant [pattern='/logout', PUT], Ant [pattern='/logout', DELETE]]
2025-11-26T16:41:15.760-05:00 TRACE 40897 --- [process] [o-auto-1-exec-8] o.s.security.web.FilterChainProxy        : Invoking JwtAuthFilter (7/13)
2025-11-26T16:41:15.759-05:00 TRACE 40897 --- [process] [o-auto-1-exec-6] o.s.security.web.FilterChainProxy        : Invoking LogoutFilter (6/13)
2025-11-26T16:41:15.760-05:00 TRACE 40897 --- [process] [o-auto-1-exec-9] o.s.security.web.FilterChainProxy        : Invoking LogoutFilter (6/13)
2025-11-26T16:41:15.760-05:00 TRACE 40897 --- [process] [o-auto-1-exec-6] o.s.s.w.a.logout.LogoutFilter            : Did not match request to Or [Ant [pattern='/logout', GET], Ant [pattern='/logout', POST], Ant [pattern='/logout', PUT], Ant [pattern='/logout', DELETE]]
2025-11-26T16:41:15.760-05:00 TRACE 40897 --- [process] [o-auto-1-exec-9] o.s.s.w.a.logout.LogoutFilter            : Did not match request to Or [Ant [pattern='/logout', GET], Ant [pattern='/logout', POST], Ant [pattern='/logout', PUT], Ant [pattern='/logout', DELETE]]
2025-11-26T16:41:15.760-05:00 TRACE 40897 --- [process] [o-auto-1-exec-6] o.s.security.web.FilterChainProxy        : Invoking JwtAuthFilter (7/13)
2025-11-26T16:41:15.760-05:00 TRACE 40897 --- [process] [o-auto-1-exec-9] o.s.security.web.FilterChainProxy        : Invoking JwtAuthFilter (7/13)
2025-11-26T16:41:15.759-05:00 TRACE 40897 --- [process] [o-auto-1-exec-7] o.s.security.web.FilterChainProxy        : Invoking LogoutFilter (6/13)
2025-11-26T16:41:15.760-05:00 TRACE 40897 --- [process] [o-auto-1-exec-9] o.s.security.web.FilterChainProxy        : Invoking RequestCacheAwareFilter (8/13)
2025-11-26T16:41:15.760-05:00 TRACE 40897 --- [process] [o-auto-1-exec-5] o.s.s.w.a.logout.LogoutFilter            : Did not match request to Or [Ant [pattern='/logout', GET], Ant [pattern='/logout', POST], Ant [pattern='/logout', PUT], Ant [pattern='/logout', DELETE]]
2025-11-26T16:41:15.760-05:00 TRACE 40897 --- [process] [o-auto-1-exec-9] o.s.security.web.FilterChainProxy        : Invoking SecurityContextHolderAwareRequestFilter (9/13)
2025-11-26T16:41:15.760-05:00 TRACE 40897 --- [process] [o-auto-1-exec-2] o.s.s.w.a.logout.LogoutFilter            : Did not match request to Or [Ant [pattern='/logout', GET], Ant [pattern='/logout', POST], Ant [pattern='/logout', PUT], Ant [pattern='/logout', DELETE]]
2025-11-26T16:41:15.760-05:00 TRACE 40897 --- [process] [-auto-1-exec-10] o.s.s.w.a.logout.LogoutFilter            : Did not match request to Or [Ant [pattern='/logout', GET], Ant [pattern='/logout', POST], Ant [pattern='/logout', PUT], Ant [pattern='/logout', DELETE]]
2025-11-26T16:41:15.760-05:00 TRACE 40897 --- [process] [o-auto-1-exec-1] o.s.s.w.a.logout.LogoutFilter            : Did not match request to Or [Ant [pattern='/logout', GET], Ant [pattern='/logout', POST], Ant [pattern='/logout', PUT], Ant [pattern='/logout', DELETE]]
2025-11-26T16:41:15.760-05:00 TRACE 40897 --- [process] [o-auto-1-exec-4] o.s.s.w.a.logout.LogoutFilter            : Did not match request to Or [Ant [pattern='/logout', GET], Ant [pattern='/logout', POST], Ant [pattern='/logout', PUT], Ant [pattern='/logout', DELETE]]
2025-11-26T16:41:15.760-05:00 TRACE 40897 --- [process] [o-auto-1-exec-3] o.s.security.web.FilterChainProxy        : Invoking JwtAuthFilter (7/13)
2025-11-26T16:41:15.760-05:00 TRACE 40897 --- [process] [o-auto-1-exec-8] o.s.security.web.FilterChainProxy        : Invoking RequestCacheAwareFilter (8/13)
2025-11-26T16:41:15.760-05:00 TRACE 40897 --- [process] [o-auto-1-exec-6] o.s.security.web.FilterChainProxy        : Invoking RequestCacheAwareFilter (8/13)
2025-11-26T16:41:15.760-05:00 TRACE 40897 --- [process] [o-auto-1-exec-7] o.s.s.w.a.logout.LogoutFilter            : Did not match request to Or [Ant [pattern='/logout', GET], Ant [pattern='/logout', POST], Ant [pattern='/logout', PUT], Ant [pattern='/logout', DELETE]]
2025-11-26T16:41:15.760-05:00 TRACE 40897 --- [process] [o-auto-1-exec-5] o.s.security.web.FilterChainProxy        : Invoking JwtAuthFilter (7/13)
2025-11-26T16:41:15.761-05:00 TRACE 40897 --- [process] [o-auto-1-exec-6] o.s.security.web.FilterChainProxy        : Invoking SecurityContextHolderAwareRequestFilter (9/13)
2025-11-26T16:41:15.760-05:00 TRACE 40897 --- [process] [o-auto-1-exec-2] o.s.security.web.FilterChainProxy        : Invoking JwtAuthFilter (7/13)
2025-11-26T16:41:15.760-05:00 TRACE 40897 --- [process] [-auto-1-exec-10] o.s.security.web.FilterChainProxy        : Invoking JwtAuthFilter (7/13)
2025-11-26T16:41:15.761-05:00 TRACE 40897 --- [process] [o-auto-1-exec-4] o.s.security.web.FilterChainProxy        : Invoking JwtAuthFilter (7/13)
2025-11-26T16:41:15.761-05:00 TRACE 40897 --- [process] [o-auto-1-exec-3] o.s.security.web.FilterChainProxy        : Invoking RequestCacheAwareFilter (8/13)
2025-11-26T16:41:15.761-05:00 TRACE 40897 --- [process] [o-auto-1-exec-1] o.s.security.web.FilterChainProxy        : Invoking JwtAuthFilter (7/13)
2025-11-26T16:41:15.761-05:00 TRACE 40897 --- [process] [o-auto-1-exec-3] o.s.security.web.FilterChainProxy        : Invoking SecurityContextHolderAwareRequestFilter (9/13)
2025-11-26T16:41:15.761-05:00 TRACE 40897 --- [process] [o-auto-1-exec-8] o.s.security.web.FilterChainProxy        : Invoking SecurityContextHolderAwareRequestFilter (9/13)
2025-11-26T16:41:15.761-05:00 TRACE 40897 --- [process] [o-auto-1-exec-7] o.s.security.web.FilterChainProxy        : Invoking JwtAuthFilter (7/13)
2025-11-26T16:41:15.761-05:00 TRACE 40897 --- [process] [o-auto-1-exec-5] o.s.security.web.FilterChainProxy        : Invoking RequestCacheAwareFilter (8/13)
2025-11-26T16:41:15.761-05:00 TRACE 40897 --- [process] [o-auto-1-exec-2] o.s.security.web.FilterChainProxy        : Invoking RequestCacheAwareFilter (8/13)
2025-11-26T16:41:15.761-05:00 TRACE 40897 --- [process] [o-auto-1-exec-5] o.s.security.web.FilterChainProxy        : Invoking SecurityContextHolderAwareRequestFilter (9/13)
2025-11-26T16:41:15.761-05:00 TRACE 40897 --- [process] [-auto-1-exec-10] o.s.security.web.FilterChainProxy        : Invoking RequestCacheAwareFilter (8/13)
2025-11-26T16:41:15.761-05:00 TRACE 40897 --- [process] [o-auto-1-exec-4] o.s.security.web.FilterChainProxy        : Invoking RequestCacheAwareFilter (8/13)
2025-11-26T16:41:15.761-05:00 TRACE 40897 --- [process] [o-auto-1-exec-1] o.s.security.web.FilterChainProxy        : Invoking RequestCacheAwareFilter (8/13)
2025-11-26T16:41:15.761-05:00 TRACE 40897 --- [process] [o-auto-1-exec-7] o.s.security.web.FilterChainProxy        : Invoking RequestCacheAwareFilter (8/13)
2025-11-26T16:41:15.761-05:00 TRACE 40897 --- [process] [o-auto-1-exec-2] o.s.security.web.FilterChainProxy        : Invoking SecurityContextHolderAwareRequestFilter (9/13)
2025-11-26T16:41:15.761-05:00 TRACE 40897 --- [process] [o-auto-1-exec-7] o.s.security.web.FilterChainProxy        : Invoking SecurityContextHolderAwareRequestFilter (9/13)
2025-11-26T16:41:15.761-05:00 TRACE 40897 --- [process] [-auto-1-exec-10] o.s.security.web.FilterChainProxy        : Invoking SecurityContextHolderAwareRequestFilter (9/13)
2025-11-26T16:41:15.761-05:00 TRACE 40897 --- [process] [o-auto-1-exec-4] o.s.security.web.FilterChainProxy        : Invoking SecurityContextHolderAwareRequestFilter (9/13)
2025-11-26T16:41:15.762-05:00 TRACE 40897 --- [process] [o-auto-1-exec-6] o.s.security.web.FilterChainProxy        : Invoking AnonymousAuthenticationFilter (10/13)
2025-11-26T16:41:15.762-05:00 TRACE 40897 --- [process] [o-auto-1-exec-6] o.s.security.web.FilterChainProxy        : Invoking SessionManagementFilter (11/13)
2025-11-26T16:41:15.761-05:00 TRACE 40897 --- [process] [o-auto-1-exec-1] o.s.security.web.FilterChainProxy        : Invoking SecurityContextHolderAwareRequestFilter (9/13)
2025-11-26T16:41:15.762-05:00 TRACE 40897 --- [process] [o-auto-1-exec-4] o.s.security.web.FilterChainProxy        : Invoking AnonymousAuthenticationFilter (10/13)
2025-11-26T16:41:15.762-05:00 TRACE 40897 --- [process] [o-auto-1-exec-7] o.s.security.web.FilterChainProxy        : Invoking AnonymousAuthenticationFilter (10/13)
2025-11-26T16:41:15.762-05:00 TRACE 40897 --- [process] [o-auto-1-exec-3] o.s.security.web.FilterChainProxy        : Invoking AnonymousAuthenticationFilter (10/13)
2025-11-26T16:41:15.762-05:00 TRACE 40897 --- [process] [o-auto-1-exec-7] o.s.security.web.FilterChainProxy        : Invoking SessionManagementFilter (11/13)
2025-11-26T16:41:15.762-05:00 TRACE 40897 --- [process] [o-auto-1-exec-9] o.s.security.web.FilterChainProxy        : Invoking AnonymousAuthenticationFilter (10/13)
2025-11-26T16:41:15.762-05:00 TRACE 40897 --- [process] [o-auto-1-exec-8] o.s.security.web.FilterChainProxy        : Invoking AnonymousAuthenticationFilter (10/13)
2025-11-26T16:41:15.762-05:00 TRACE 40897 --- [process] [o-auto-1-exec-9] o.s.security.web.FilterChainProxy        : Invoking SessionManagementFilter (11/13)
2025-11-26T16:41:15.762-05:00 TRACE 40897 --- [process] [o-auto-1-exec-5] o.s.security.web.FilterChainProxy        : Invoking AnonymousAuthenticationFilter (10/13)
2025-11-26T16:41:15.762-05:00 TRACE 40897 --- [process] [-auto-1-exec-10] o.s.security.web.FilterChainProxy        : Invoking AnonymousAuthenticationFilter (10/13)
2025-11-26T16:41:15.763-05:00 TRACE 40897 --- [process] [o-auto-1-exec-5] o.s.security.web.FilterChainProxy        : Invoking SessionManagementFilter (11/13)
2025-11-26T16:41:15.762-05:00 TRACE 40897 --- [process] [o-auto-1-exec-2] o.s.security.web.FilterChainProxy        : Invoking AnonymousAuthenticationFilter (10/13)
2025-11-26T16:41:15.763-05:00 TRACE 40897 --- [process] [-auto-1-exec-10] o.s.security.web.FilterChainProxy        : Invoking SessionManagementFilter (11/13)
2025-11-26T16:41:15.762-05:00 TRACE 40897 --- [process] [o-auto-1-exec-4] o.s.security.web.FilterChainProxy        : Invoking SessionManagementFilter (11/13)
2025-11-26T16:41:15.762-05:00 TRACE 40897 --- [process] [o-auto-1-exec-1] o.s.security.web.FilterChainProxy        : Invoking AnonymousAuthenticationFilter (10/13)
2025-11-26T16:41:15.762-05:00 TRACE 40897 --- [process] [o-auto-1-exec-3] o.s.security.web.FilterChainProxy        : Invoking SessionManagementFilter (11/13)
2025-11-26T16:41:15.763-05:00 TRACE 40897 --- [process] [o-auto-1-exec-1] o.s.security.web.FilterChainProxy        : Invoking SessionManagementFilter (11/13)
2025-11-26T16:41:15.763-05:00 TRACE 40897 --- [process] [o-auto-1-exec-7] .s.s.w.c.SupplierDeferredSecurityContext : Created SecurityContextImpl [Null authentication]
2025-11-26T16:41:15.763-05:00 TRACE 40897 --- [process] [o-auto-1-exec-1] .s.s.w.c.SupplierDeferredSecurityContext : Created SecurityContextImpl [Null authentication]
2025-11-26T16:41:15.763-05:00 TRACE 40897 --- [process] [o-auto-1-exec-6] .s.s.w.c.SupplierDeferredSecurityContext : Created SecurityContextImpl [Null authentication]
2025-11-26T16:41:15.763-05:00 TRACE 40897 --- [process] [o-auto-1-exec-8] o.s.security.web.FilterChainProxy        : Invoking SessionManagementFilter (11/13)
2025-11-26T16:41:15.763-05:00 TRACE 40897 --- [process] [o-auto-1-exec-9] .s.s.w.c.SupplierDeferredSecurityContext : Created SecurityContextImpl [Null authentication]
2025-11-26T16:41:15.763-05:00 TRACE 40897 --- [process] [o-auto-1-exec-5] .s.s.w.c.SupplierDeferredSecurityContext : Created SecurityContextImpl [Null authentication]
2025-11-26T16:41:15.763-05:00 TRACE 40897 --- [process] [o-auto-1-exec-2] o.s.security.web.FilterChainProxy        : Invoking SessionManagementFilter (11/13)
2025-11-26T16:41:15.763-05:00 TRACE 40897 --- [process] [-auto-1-exec-10] .s.s.w.c.SupplierDeferredSecurityContext : Created SecurityContextImpl [Null authentication]
2025-11-26T16:41:15.763-05:00 TRACE 40897 --- [process] [o-auto-1-exec-4] .s.s.w.c.SupplierDeferredSecurityContext : Created SecurityContextImpl [Null authentication]
2025-11-26T16:41:15.763-05:00 TRACE 40897 --- [process] [o-auto-1-exec-3] .s.s.w.c.SupplierDeferredSecurityContext : Created SecurityContextImpl [Null authentication]
2025-11-26T16:41:15.763-05:00 TRACE 40897 --- [process] [o-auto-1-exec-8] .s.s.w.c.SupplierDeferredSecurityContext : Created SecurityContextImpl [Null authentication]
2025-11-26T16:41:15.763-05:00 TRACE 40897 --- [process] [o-auto-1-exec-2] .s.s.w.c.SupplierDeferredSecurityContext : Created SecurityContextImpl [Null authentication]
2025-11-26T16:41:15.765-05:00 TRACE 40897 --- [process] [-auto-1-exec-10] o.s.s.w.a.AnonymousAuthenticationFilter  : Set SecurityContextHolder to AnonymousAuthenticationToken [Principal=anonymousUser, Credentials=[PROTECTED], Authenticated=true, Details=WebAuthenticationDetails [RemoteIpAddress=127.0.0.1, SessionId=null], Granted Authorities=[ROLE_ANONYMOUS]]
2025-11-26T16:41:15.765-05:00 TRACE 40897 --- [process] [o-auto-1-exec-2] o.s.s.w.a.AnonymousAuthenticationFilter  : Set SecurityContextHolder to AnonymousAuthenticationToken [Principal=anonymousUser, Credentials=[PROTECTED], Authenticated=true, Details=WebAuthenticationDetails [RemoteIpAddress=127.0.0.1, SessionId=null], Granted Authorities=[ROLE_ANONYMOUS]]
2025-11-26T16:41:15.765-05:00 TRACE 40897 --- [process] [o-auto-1-exec-4] o.s.s.w.a.AnonymousAuthenticationFilter  : Set SecurityContextHolder to AnonymousAuthenticationToken [Principal=anonymousUser, Credentials=[PROTECTED], Authenticated=true, Details=WebAuthenticationDetails [RemoteIpAddress=127.0.0.1, SessionId=null], Granted Authorities=[ROLE_ANONYMOUS]]
2025-11-26T16:41:15.765-05:00 TRACE 40897 --- [process] [-auto-1-exec-10] o.s.security.web.FilterChainProxy        : Invoking ExceptionTranslationFilter (12/13)
2025-11-26T16:41:15.765-05:00 TRACE 40897 --- [process] [o-auto-1-exec-3] o.s.s.w.a.AnonymousAuthenticationFilter  : Set SecurityContextHolder to AnonymousAuthenticationToken [Principal=anonymousUser, Credentials=[PROTECTED], Authenticated=true, Details=WebAuthenticationDetails [RemoteIpAddress=127.0.0.1, SessionId=null], Granted Authorities=[ROLE_ANONYMOUS]]
2025-11-26T16:41:15.765-05:00 TRACE 40897 --- [process] [o-auto-1-exec-5] o.s.s.w.a.AnonymousAuthenticationFilter  : Set SecurityContextHolder to AnonymousAuthenticationToken [Principal=anonymousUser, Credentials=[PROTECTED], Authenticated=true, Details=WebAuthenticationDetails [RemoteIpAddress=127.0.0.1, SessionId=null], Granted Authorities=[ROLE_ANONYMOUS]]
2025-11-26T16:41:15.765-05:00 TRACE 40897 --- [process] [o-auto-1-exec-3] o.s.security.web.FilterChainProxy        : Invoking ExceptionTranslationFilter (12/13)
2025-11-26T16:41:15.765-05:00 TRACE 40897 --- [process] [o-auto-1-exec-8] o.s.s.w.a.AnonymousAuthenticationFilter  : Set SecurityContextHolder to AnonymousAuthenticationToken [Principal=anonymousUser, Credentials=[PROTECTED], Authenticated=true, Details=WebAuthenticationDetails [RemoteIpAddress=127.0.0.1, SessionId=null], Granted Authorities=[ROLE_ANONYMOUS]]
2025-11-26T16:41:15.765-05:00 TRACE 40897 --- [process] [o-auto-1-exec-9] o.s.s.w.a.AnonymousAuthenticationFilter  : Set SecurityContextHolder to AnonymousAuthenticationToken [Principal=anonymousUser, Credentials=[PROTECTED], Authenticated=true, Details=WebAuthenticationDetails [RemoteIpAddress=127.0.0.1, SessionId=null], Granted Authorities=[ROLE_ANONYMOUS]]
2025-11-26T16:41:15.765-05:00 TRACE 40897 --- [process] [o-auto-1-exec-8] o.s.security.web.FilterChainProxy        : Invoking ExceptionTranslationFilter (12/13)
2025-11-26T16:41:15.765-05:00 TRACE 40897 --- [process] [o-auto-1-exec-7] o.s.s.w.a.AnonymousAuthenticationFilter  : Set SecurityContextHolder to AnonymousAuthenticationToken [Principal=anonymousUser, Credentials=[PROTECTED], Authenticated=true, Details=WebAuthenticationDetails [RemoteIpAddress=127.0.0.1, SessionId=null], Granted Authorities=[ROLE_ANONYMOUS]]
2025-11-26T16:41:15.765-05:00 TRACE 40897 --- [process] [o-auto-1-exec-1] o.s.s.w.a.AnonymousAuthenticationFilter  : Set SecurityContextHolder to AnonymousAuthenticationToken [Principal=anonymousUser, Credentials=[PROTECTED], Authenticated=true, Details=WebAuthenticationDetails [RemoteIpAddress=127.0.0.1, SessionId=null], Granted Authorities=[ROLE_ANONYMOUS]]
2025-11-26T16:41:15.765-05:00 TRACE 40897 --- [process] [o-auto-1-exec-6] o.s.s.w.a.AnonymousAuthenticationFilter  : Set SecurityContextHolder to AnonymousAuthenticationToken [Principal=anonymousUser, Credentials=[PROTECTED], Authenticated=true, Details=WebAuthenticationDetails [RemoteIpAddress=127.0.0.1, SessionId=null], Granted Authorities=[ROLE_ANONYMOUS]]
2025-11-26T16:41:15.765-05:00 TRACE 40897 --- [process] [o-auto-1-exec-2] o.s.security.web.FilterChainProxy        : Invoking ExceptionTranslationFilter (12/13)
2025-11-26T16:41:15.765-05:00 TRACE 40897 --- [process] [o-auto-1-exec-4] o.s.security.web.FilterChainProxy        : Invoking ExceptionTranslationFilter (12/13)
2025-11-26T16:41:15.765-05:00 TRACE 40897 --- [process] [-auto-1-exec-10] o.s.security.web.FilterChainProxy        : Invoking AuthorizationFilter (13/13)
2025-11-26T16:41:15.765-05:00 TRACE 40897 --- [process] [o-auto-1-exec-3] o.s.security.web.FilterChainProxy        : Invoking AuthorizationFilter (13/13)
2025-11-26T16:41:15.765-05:00 TRACE 40897 --- [process] [o-auto-1-exec-5] o.s.security.web.FilterChainProxy        : Invoking ExceptionTranslationFilter (12/13)
2025-11-26T16:41:15.765-05:00 TRACE 40897 --- [process] [o-auto-1-exec-9] o.s.security.web.FilterChainProxy        : Invoking ExceptionTranslationFilter (12/13)
2025-11-26T16:41:15.765-05:00 TRACE 40897 --- [process] [o-auto-1-exec-5] o.s.security.web.FilterChainProxy        : Invoking AuthorizationFilter (13/13)
2025-11-26T16:41:15.765-05:00 TRACE 40897 --- [process] [o-auto-1-exec-8] o.s.security.web.FilterChainProxy        : Invoking AuthorizationFilter (13/13)
2025-11-26T16:41:15.766-05:00 TRACE 40897 --- [process] [o-auto-1-exec-9] o.s.security.web.FilterChainProxy        : Invoking AuthorizationFilter (13/13)
2025-11-26T16:41:15.765-05:00 TRACE 40897 --- [process] [o-auto-1-exec-7] o.s.security.web.FilterChainProxy        : Invoking ExceptionTranslationFilter (12/13)
2025-11-26T16:41:15.765-05:00 TRACE 40897 --- [process] [o-auto-1-exec-1] o.s.security.web.FilterChainProxy        : Invoking ExceptionTranslationFilter (12/13)
2025-11-26T16:41:15.765-05:00 TRACE 40897 --- [process] [o-auto-1-exec-2] o.s.security.web.FilterChainProxy        : Invoking AuthorizationFilter (13/13)
2025-11-26T16:41:15.766-05:00 TRACE 40897 --- [process] [o-auto-1-exec-1] o.s.security.web.FilterChainProxy        : Invoking AuthorizationFilter (13/13)
2025-11-26T16:41:15.765-05:00 TRACE 40897 --- [process] [o-auto-1-exec-6] o.s.security.web.FilterChainProxy        : Invoking ExceptionTranslationFilter (12/13)
2025-11-26T16:41:15.765-05:00 TRACE 40897 --- [process] [o-auto-1-exec-4] o.s.security.web.FilterChainProxy        : Invoking AuthorizationFilter (13/13)
2025-11-26T16:41:15.766-05:00 TRACE 40897 --- [process] [o-auto-1-exec-7] o.s.security.web.FilterChainProxy        : Invoking AuthorizationFilter (13/13)
2025-11-26T16:41:15.766-05:00 TRACE 40897 --- [process] [o-auto-1-exec-6] o.s.security.web.FilterChainProxy        : Invoking AuthorizationFilter (13/13)
2025-11-26T16:41:15.766-05:00 TRACE 40897 --- [process] [-auto-1-exec-10] estMatcherDelegatingAuthorizationManager : Authorizing SecurityContextHolderAwareRequestWrapper[ org.springframework.security.web.header.HeaderWriterFilter$HeaderWriterRequest@64a065d1]
2025-11-26T16:41:15.766-05:00 TRACE 40897 --- [process] [o-auto-1-exec-7] estMatcherDelegatingAuthorizationManager : Authorizing SecurityContextHolderAwareRequestWrapper[ org.springframework.security.web.header.HeaderWriterFilter$HeaderWriterRequest@1102a6b]
2025-11-26T16:41:15.766-05:00 TRACE 40897 --- [process] [o-auto-1-exec-3] estMatcherDelegatingAuthorizationManager : Authorizing SecurityContextHolderAwareRequestWrapper[ org.springframework.security.web.header.HeaderWriterFilter$HeaderWriterRequest@4956895a]
2025-11-26T16:41:15.766-05:00 TRACE 40897 --- [process] [o-auto-1-exec-8] estMatcherDelegatingAuthorizationManager : Authorizing SecurityContextHolderAwareRequestWrapper[ org.springframework.security.web.header.HeaderWriterFilter$HeaderWriterRequest@40ed32fb]
2025-11-26T16:41:15.766-05:00 TRACE 40897 --- [process] [o-auto-1-exec-2] estMatcherDelegatingAuthorizationManager : Authorizing SecurityContextHolderAwareRequestWrapper[ org.springframework.security.web.header.HeaderWriterFilter$HeaderWriterRequest@18d63f0e]
2025-11-26T16:41:15.766-05:00 TRACE 40897 --- [process] [o-auto-1-exec-9] estMatcherDelegatingAuthorizationManager : Authorizing SecurityContextHolderAwareRequestWrapper[ org.springframework.security.web.header.HeaderWriterFilter$HeaderWriterRequest@3597d3c5]
2025-11-26T16:41:15.766-05:00 TRACE 40897 --- [process] [o-auto-1-exec-5] estMatcherDelegatingAuthorizationManager : Authorizing SecurityContextHolderAwareRequestWrapper[ org.springframework.security.web.header.HeaderWriterFilter$HeaderWriterRequest@51213d55]
2025-11-26T16:41:15.766-05:00 TRACE 40897 --- [process] [o-auto-1-exec-4] estMatcherDelegatingAuthorizationManager : Authorizing SecurityContextHolderAwareRequestWrapper[ org.springframework.security.web.header.HeaderWriterFilter$HeaderWriterRequest@7bb38d6f]
2025-11-26T16:41:15.766-05:00 TRACE 40897 --- [process] [o-auto-1-exec-1] estMatcherDelegatingAuthorizationManager : Authorizing SecurityContextHolderAwareRequestWrapper[ org.springframework.security.web.header.HeaderWriterFilter$HeaderWriterRequest@45f4f2f2]
2025-11-26T16:41:15.766-05:00 TRACE 40897 --- [process] [o-auto-1-exec-6] estMatcherDelegatingAuthorizationManager : Authorizing SecurityContextHolderAwareRequestWrapper[ org.springframework.security.web.header.HeaderWriterFilter$HeaderWriterRequest@821450b]
2025-11-26T16:41:15.767-05:00  WARN 40897 --- [process] [o-auto-1-exec-6] o.s.w.s.h.HandlerMappingIntrospector     : Cache miss for REQUEST dispatch to '/api/auth/login' (previous null). Performing MatchableHandlerMapping lookup. This is logged once only at WARN level, and every time at TRACE.
2025-11-26T16:41:15.773-05:00 TRACE 40897 --- [process] [-auto-1-exec-10] estMatcherDelegatingAuthorizationManager : Checking authorization on SecurityContextHolderAwareRequestWrapper[ org.springframework.security.web.header.HeaderWriterFilter$HeaderWriterRequest@64a065d1] using org.springframework.security.config.annotation.web.configurers.AuthorizeHttpRequestsConfigurer$$Lambda$1671/0x00007fc398969de0@402cf5d1
2025-11-26T16:41:15.773-05:00 TRACE 40897 --- [process] [o-auto-1-exec-8] estMatcherDelegatingAuthorizationManager : Checking authorization on SecurityContextHolderAwareRequestWrapper[ org.springframework.security.web.header.HeaderWriterFilter$HeaderWriterRequest@40ed32fb] using org.springframework.security.config.annotation.web.configurers.AuthorizeHttpRequestsConfigurer$$Lambda$1671/0x00007fc398969de0@402cf5d1
2025-11-26T16:41:15.773-05:00 TRACE 40897 --- [process] [o-auto-1-exec-1] estMatcherDelegatingAuthorizationManager : Checking authorization on SecurityContextHolderAwareRequestWrapper[ org.springframework.security.web.header.HeaderWriterFilter$HeaderWriterRequest@45f4f2f2] using org.springframework.security.config.annotation.web.configurers.AuthorizeHttpRequestsConfigurer$$Lambda$1671/0x00007fc398969de0@402cf5d1
2025-11-26T16:41:15.773-05:00 TRACE 40897 --- [process] [o-auto-1-exec-2] estMatcherDelegatingAuthorizationManager : Checking authorization on SecurityContextHolderAwareRequestWrapper[ org.springframework.security.web.header.HeaderWriterFilter$HeaderWriterRequest@18d63f0e] using org.springframework.security.config.annotation.web.configurers.AuthorizeHttpRequestsConfigurer$$Lambda$1671/0x00007fc398969de0@402cf5d1
2025-11-26T16:41:15.773-05:00 TRACE 40897 --- [process] [o-auto-1-exec-4] estMatcherDelegatingAuthorizationManager : Checking authorization on SecurityContextHolderAwareRequestWrapper[ org.springframework.security.web.header.HeaderWriterFilter$HeaderWriterRequest@7bb38d6f] using org.springframework.security.config.annotation.web.configurers.AuthorizeHttpRequestsConfigurer$$Lambda$1671/0x00007fc398969de0@402cf5d1
2025-11-26T16:41:15.773-05:00 TRACE 40897 --- [process] [o-auto-1-exec-6] estMatcherDelegatingAuthorizationManager : Checking authorization on SecurityContextHolderAwareRequestWrapper[ org.springframework.security.web.header.HeaderWriterFilter$HeaderWriterRequest@821450b] using org.springframework.security.config.annotation.web.configurers.AuthorizeHttpRequestsConfigurer$$Lambda$1671/0x00007fc398969de0@402cf5d1
2025-11-26T16:41:15.773-05:00 TRACE 40897 --- [process] [o-auto-1-exec-5] estMatcherDelegatingAuthorizationManager : Checking authorization on SecurityContextHolderAwareRequestWrapper[ org.springframework.security.web.header.HeaderWriterFilter$HeaderWriterRequest@51213d55] using org.springframework.security.config.annotation.web.configurers.AuthorizeHttpRequestsConfigurer$$Lambda$1671/0x00007fc398969de0@402cf5d1
2025-11-26T16:41:15.773-05:00 TRACE 40897 --- [process] [o-auto-1-exec-7] estMatcherDelegatingAuthorizationManager : Checking authorization on SecurityContextHolderAwareRequestWrapper[ org.springframework.security.web.header.HeaderWriterFilter$HeaderWriterRequest@1102a6b] using org.springframework.security.config.annotation.web.configurers.AuthorizeHttpRequestsConfigurer$$Lambda$1671/0x00007fc398969de0@402cf5d1
2025-11-26T16:41:15.774-05:00 DEBUG 40897 --- [process] [o-auto-1-exec-8] o.s.security.web.FilterChainProxy        : Secured POST /api/auth/login
2025-11-26T16:41:15.774-05:00 DEBUG 40897 --- [process] [o-auto-1-exec-7] o.s.security.web.FilterChainProxy        : Secured POST /api/auth/login
2025-11-26T16:41:15.773-05:00 TRACE 40897 --- [process] [o-auto-1-exec-9] estMatcherDelegatingAuthorizationManager : Checking authorization on SecurityContextHolderAwareRequestWrapper[ org.springframework.security.web.header.HeaderWriterFilter$HeaderWriterRequest@3597d3c5] using org.springframework.security.config.annotation.web.configurers.AuthorizeHttpRequestsConfigurer$$Lambda$1671/0x00007fc398969de0@402cf5d1
2025-11-26T16:41:15.773-05:00 TRACE 40897 --- [process] [o-auto-1-exec-3] estMatcherDelegatingAuthorizationManager : Checking authorization on SecurityContextHolderAwareRequestWrapper[ org.springframework.security.web.header.HeaderWriterFilter$HeaderWriterRequest@4956895a] using org.springframework.security.config.annotation.web.configurers.AuthorizeHttpRequestsConfigurer$$Lambda$1671/0x00007fc398969de0@402cf5d1
2025-11-26T16:41:15.774-05:00 DEBUG 40897 --- [process] [o-auto-1-exec-1] o.s.security.web.FilterChainProxy        : Secured POST /api/auth/login
2025-11-26T16:41:15.774-05:00 DEBUG 40897 --- [process] [o-auto-1-exec-2] o.s.security.web.FilterChainProxy        : Secured POST /api/auth/login
2025-11-26T16:41:15.774-05:00 DEBUG 40897 --- [process] [o-auto-1-exec-4] o.s.security.web.FilterChainProxy        : Secured POST /api/auth/login
2025-11-26T16:41:15.774-05:00 DEBUG 40897 --- [process] [o-auto-1-exec-5] o.s.security.web.FilterChainProxy        : Secured POST /api/auth/login
2025-11-26T16:41:15.774-05:00 DEBUG 40897 --- [process] [-auto-1-exec-10] o.s.security.web.FilterChainProxy        : Secured POST /api/auth/login
2025-11-26T16:41:15.774-05:00 DEBUG 40897 --- [process] [o-auto-1-exec-6] o.s.security.web.FilterChainProxy        : Secured POST /api/auth/login
2025-11-26T16:41:15.774-05:00 DEBUG 40897 --- [process] [o-auto-1-exec-9] o.s.security.web.FilterChainProxy        : Secured POST /api/auth/login
2025-11-26T16:41:15.774-05:00 DEBUG 40897 --- [process] [o-auto-1-exec-3] o.s.security.web.FilterChainProxy        : Secured POST /api/auth/login
Hibernate: 
    select
        au1_0.id,
        au1_0.company_id,
        au1_0.email,
        au1_0.full_name,
        au1_0.password,
        au1_0.username 
    from
        app_users au1_0 
    where
        au1_0.username=?
Hibernate: 
    select
        au1_0.id,
        au1_0.company_id,
        au1_0.email,
        au1_0.full_name,
        au1_0.password,
        au1_0.username 
    from
        app_users au1_0 
    where
        au1_0.username=?
Hibernate: 
    select
        au1_0.id,
        au1_0.company_id,
        au1_0.email,
        au1_0.full_name,
        au1_0.password,
        au1_0.username 
    from
        app_users au1_0 
    where
        au1_0.username=?
Hibernate: 
    select
        au1_0.id,
        au1_0.company_id,
        au1_0.email,
        au1_0.full_name,
        au1_0.password,
        au1_0.username 
    from
        app_users au1_0 
    where
        au1_0.username=?
Hibernate: 
    select
        au1_0.id,
        au1_0.company_id,
        au1_0.email,
        au1_0.full_name,
        au1_0.password,
        au1_0.username 
    from
        app_users au1_0 
    where
        au1_0.username=?
Hibernate: 
    select
        au1_0.id,
        au1_0.company_id,
        au1_0.email,
        au1_0.full_name,
        au1_0.password,
        au1_0.username 
    from
        app_users au1_0 
    where
        au1_0.username=?
Hibernate: 
    select
        au1_0.id,
        au1_0.company_id,
        au1_0.email,
        au1_0.full_name,
        au1_0.password,
        au1_0.username 
    from
        app_users au1_0 
    where
        au1_0.username=?
Hibernate: 
    select
        au1_0.id,
        au1_0.company_id,
        au1_0.email,
        au1_0.full_name,
        au1_0.password,
        au1_0.username 
    from
        app_users au1_0 
    where
        au1_0.username=?
Hibernate: 
    select
        au1_0.id,
        au1_0.company_id,
        au1_0.email,
        au1_0.full_name,
        au1_0.password,
        au1_0.username 
    from
        app_users au1_0 
    where
        au1_0.username=?
Hibernate: 
    select
        au1_0.id,
        au1_0.company_id,
        au1_0.email,
        au1_0.full_name,
        au1_0.password,
        au1_0.username 
    from
        app_users au1_0 
    where
        au1_0.username=?
Hibernate: 
    select
        r1_0.user_id,
        r1_1.id,
        r1_1.company_id,
        r1_1.description,
        r1_1.name 
    from
        user_roles r1_0 
    join
        roles r1_1 
            on r1_1.id=r1_0.role_id 
    where
        r1_0.user_id=?
Hibernate: 
    select
        r1_0.user_id,
        r1_1.id,
        r1_1.company_id,
        r1_1.description,
        r1_1.name 
    from
        user_roles r1_0 
    join
        roles r1_1 
            on r1_1.id=r1_0.role_id 
    where
        r1_0.user_id=?
Hibernate: 
    select
        r1_0.user_id,
        r1_1.id,
        r1_1.company_id,
        r1_1.description,
        r1_1.name 
    from
        user_roles r1_0 
    join
        roles r1_1 
            on r1_1.id=r1_0.role_id 
    where
        r1_0.user_id=?
Hibernate: 
    select
        r1_0.user_id,
        r1_1.id,
        r1_1.company_id,
        r1_1.description,
        r1_1.name 
    from
        user_roles r1_0 
    join
        roles r1_1 
            on r1_1.id=r1_0.role_id 
    where
        r1_0.user_id=?
Hibernate: 
    select
        r1_0.user_id,
        r1_1.id,
        r1_1.company_id,
        r1_1.description,
        r1_1.name 
    from
        user_roles r1_0 
    join
        roles r1_1 
            on r1_1.id=r1_0.role_id 
    where
        r1_0.user_id=?
Hibernate: 
    select
        r1_0.user_id,
        r1_1.id,
        r1_1.company_id,
        r1_1.description,
        r1_1.name 
    from
        user_roles r1_0 
    join
        roles r1_1 
            on r1_1.id=r1_0.role_id 
    where
        r1_0.user_id=?
Hibernate: 
    select
        r1_0.user_id,
        r1_1.id,
        r1_1.company_id,
        r1_1.description,
        r1_1.name 
    from
        user_roles r1_0 
    join
        roles r1_1 
            on r1_1.id=r1_0.role_id 
    where
        r1_0.user_id=?
Hibernate: 
    select
        r1_0.user_id,
        r1_1.id,
        r1_1.company_id,
        r1_1.description,
        r1_1.name 
    from
        user_roles r1_0 
    join
        roles r1_1 
            on r1_1.id=r1_0.role_id 
    where
        r1_0.user_id=?
Hibernate: 
    select
        r1_0.user_id,
        r1_1.id,
        r1_1.company_id,
        r1_1.description,
        r1_1.name 
    from
        user_roles r1_0 
    join
        roles r1_1 
            on r1_1.id=r1_0.role_id 
    where
        r1_0.user_id=?
Hibernate: 
    select
        r1_0.user_id,
        r1_1.id,
        r1_1.company_id,
        r1_1.description,
        r1_1.name 
    from
        user_roles r1_0 
    join
        roles r1_1 
            on r1_1.id=r1_0.role_id 
    where
        r1_0.user_id=?
2025-11-26T16:41:16.018-05:00 TRACE 40897 --- [process] [o-auto-1-exec-5] o.s.s.w.header.writers.HstsHeaderWriter  : Not injecting HSTS header since it did not match request to [Is Secure]
2025-11-26T16:41:16.018-05:00 TRACE 40897 --- [process] [o-auto-1-exec-6] o.s.s.w.header.writers.HstsHeaderWriter  : Not injecting HSTS header since it did not match request to [Is Secure]
2025-11-26T16:41:16.018-05:00 TRACE 40897 --- [process] [o-auto-1-exec-7] o.s.s.w.header.writers.HstsHeaderWriter  : Not injecting HSTS header since it did not match request to [Is Secure]
2025-11-26T16:41:16.018-05:00 TRACE 40897 --- [process] [o-auto-1-exec-4] o.s.s.w.header.writers.HstsHeaderWriter  : Not injecting HSTS header since it did not match request to [Is Secure]
2025-11-26T16:41:16.018-05:00 TRACE 40897 --- [process] [o-auto-1-exec-2] o.s.s.w.header.writers.HstsHeaderWriter  : Not injecting HSTS header since it did not match request to [Is Secure]
2025-11-26T16:41:16.018-05:00 TRACE 40897 --- [process] [o-auto-1-exec-3] o.s.s.w.header.writers.HstsHeaderWriter  : Not injecting HSTS header since it did not match request to [Is Secure]
2025-11-26T16:41:16.018-05:00 TRACE 40897 --- [process] [o-auto-1-exec-9] o.s.s.w.header.writers.HstsHeaderWriter  : Not injecting HSTS header since it did not match request to [Is Secure]
2025-11-26T16:41:16.018-05:00 TRACE 40897 --- [process] [o-auto-1-exec-8] o.s.s.w.header.writers.HstsHeaderWriter  : Not injecting HSTS header since it did not match request to [Is Secure]
2025-11-26T16:41:16.018-05:00 TRACE 40897 --- [process] [-auto-1-exec-10] o.s.s.w.header.writers.HstsHeaderWriter  : Not injecting HSTS header since it did not match request to [Is Secure]
2025-11-26T16:41:16.018-05:00 TRACE 40897 --- [process] [o-auto-1-exec-1] o.s.s.w.header.writers.HstsHeaderWriter  : Not injecting HSTS header since it did not match request to [Is Secure]
2025-11-26T16:41:16.033-05:00 TRACE 40897 --- [process] [o-auto-1-exec-7] o.s.security.web.FilterChainProxy        : Trying to match request against DefaultSecurityFilterChain [RequestMatcher=any request, Filters=[org.springframework.security.web.session.DisableEncodeUrlFilter@741f8cf, org.springframework.security.web.context.request.async.WebAsyncManagerIntegrationFilter@2926144f, org.springframework.security.web.context.SecurityContextHolderFilter@31b827a6, org.springframework.security.web.header.HeaderWriterFilter@3c5d183, org.springframework.web.filter.CorsFilter@1df8ea34, org.springframework.security.web.authentication.logout.LogoutFilter@413a2520, com.example.welcomebackend.config.JwtAuthFilter@2a728076, org.springframework.security.web.savedrequest.RequestCacheAwareFilter@203b98cf, org.springframework.security.web.servletapi.SecurityContextHolderAwareRequestFilter@52bcd7c9, org.springframework.security.web.authentication.AnonymousAuthenticationFilter@6b0636d9, org.springframework.security.web.session.SessionManagementFilter@106e6dfe, org.springframework.security.web.access.ExceptionTranslationFilter@77a13162, org.springframework.security.web.access.intercept.AuthorizationFilter@1027cdcd]] (1/1)
2025-11-26T16:41:16.033-05:00 TRACE 40897 --- [process] [o-auto-1-exec-3] o.s.security.web.FilterChainProxy        : Trying to match request against DefaultSecurityFilterChain [RequestMatcher=any request, Filters=[org.springframework.security.web.session.DisableEncodeUrlFilter@741f8cf, org.springframework.security.web.context.request.async.WebAsyncManagerIntegrationFilter@2926144f, org.springframework.security.web.context.SecurityContextHolderFilter@31b827a6, org.springframework.security.web.header.HeaderWriterFilter@3c5d183, org.springframework.web.filter.CorsFilter@1df8ea34, org.springframework.security.web.authentication.logout.LogoutFilter@413a2520, com.example.welcomebackend.config.JwtAuthFilter@2a728076, org.springframework.security.web.savedrequest.RequestCacheAwareFilter@203b98cf, org.springframework.security.web.servletapi.SecurityContextHolderAwareRequestFilter@52bcd7c9, org.springframework.security.web.authentication.AnonymousAuthenticationFilter@6b0636d9, org.springframework.security.web.session.SessionManagementFilter@106e6dfe, org.springframework.security.web.access.ExceptionTranslationFilter@77a13162, org.springframework.security.web.access.intercept.AuthorizationFilter@1027cdcd]] (1/1)
2025-11-26T16:41:16.033-05:00 TRACE 40897 --- [process] [o-auto-1-exec-5] o.s.security.web.FilterChainProxy        : Trying to match request against DefaultSecurityFilterChain [RequestMatcher=any request, Filters=[org.springframework.security.web.session.DisableEncodeUrlFilter@741f8cf, org.springframework.security.web.context.request.async.WebAsyncManagerIntegrationFilter@2926144f, org.springframework.security.web.context.SecurityContextHolderFilter@31b827a6, org.springframework.security.web.header.HeaderWriterFilter@3c5d183, org.springframework.web.filter.CorsFilter@1df8ea34, org.springframework.security.web.authentication.logout.LogoutFilter@413a2520, com.example.welcomebackend.config.JwtAuthFilter@2a728076, org.springframework.security.web.savedrequest.RequestCacheAwareFilter@203b98cf, org.springframework.security.web.servletapi.SecurityContextHolderAwareRequestFilter@52bcd7c9, org.springframework.security.web.authentication.AnonymousAuthenticationFilter@6b0636d9, org.springframework.security.web.session.SessionManagementFilter@106e6dfe, org.springframework.security.web.access.ExceptionTranslationFilter@77a13162, org.springframework.security.web.access.intercept.AuthorizationFilter@1027cdcd]] (1/1)
2025-11-26T16:41:16.034-05:00 DEBUG 40897 --- [process] [o-auto-1-exec-7] o.s.security.web.FilterChainProxy        : Securing POST /api/auth/login
2025-11-26T16:41:16.034-05:00 DEBUG 40897 --- [process] [o-auto-1-exec-5] o.s.security.web.FilterChainProxy        : Securing POST /api/auth/login
2025-11-26T16:41:16.034-05:00 TRACE 40897 --- [process] [o-auto-1-exec-7] o.s.security.web.FilterChainProxy        : Invoking DisableEncodeUrlFilter (1/13)
2025-11-26T16:41:16.034-05:00 TRACE 40897 --- [process] [o-auto-1-exec-5] o.s.security.web.FilterChainProxy        : Invoking DisableEncodeUrlFilter (1/13)
2025-11-26T16:41:16.034-05:00 TRACE 40897 --- [process] [-auto-1-exec-10] o.s.security.web.FilterChainProxy        : Trying to match request against DefaultSecurityFilterChain [RequestMatcher=any request, Filters=[org.springframework.security.web.session.DisableEncodeUrlFilter@741f8cf, org.springframework.security.web.context.request.async.WebAsyncManagerIntegrationFilter@2926144f, org.springframework.security.web.context.SecurityContextHolderFilter@31b827a6, org.springframework.security.web.header.HeaderWriterFilter@3c5d183, org.springframework.web.filter.CorsFilter@1df8ea34, org.springframework.security.web.authentication.logout.LogoutFilter@413a2520, com.example.welcomebackend.config.JwtAuthFilter@2a728076, org.springframework.security.web.savedrequest.RequestCacheAwareFilter@203b98cf, org.springframework.security.web.servletapi.SecurityContextHolderAwareRequestFilter@52bcd7c9, org.springframework.security.web.authentication.AnonymousAuthenticationFilter@6b0636d9, org.springframework.security.web.session.SessionManagementFilter@106e6dfe, org.springframework.security.web.access.ExceptionTranslationFilter@77a13162, org.springframework.security.web.access.intercept.AuthorizationFilter@1027cdcd]] (1/1)
2025-11-26T16:41:16.034-05:00 DEBUG 40897 --- [process] [-auto-1-exec-10] o.s.security.web.FilterChainProxy        : Securing POST /api/auth/login
2025-11-26T16:41:16.034-05:00 TRACE 40897 --- [process] [-auto-1-exec-10] o.s.security.web.FilterChainProxy        : Invoking DisableEncodeUrlFilter (1/13)
2025-11-26T16:41:16.034-05:00 TRACE 40897 --- [process] [-auto-1-exec-10] o.s.security.web.FilterChainProxy        : Invoking WebAsyncManagerIntegrationFilter (2/13)
2025-11-26T16:41:16.034-05:00 TRACE 40897 --- [process] [-auto-1-exec-10] o.s.security.web.FilterChainProxy        : Invoking SecurityContextHolderFilter (3/13)
2025-11-26T16:41:16.034-05:00 TRACE 40897 --- [process] [-auto-1-exec-10] o.s.security.web.FilterChainProxy        : Invoking HeaderWriterFilter (4/13)
2025-11-26T16:41:16.034-05:00 TRACE 40897 --- [process] [-auto-1-exec-10] o.s.security.web.FilterChainProxy        : Invoking CorsFilter (5/13)
2025-11-26T16:41:16.034-05:00 TRACE 40897 --- [process] [o-auto-1-exec-1] o.s.security.web.FilterChainProxy        : Trying to match request against DefaultSecurityFilterChain [RequestMatcher=any request, Filters=[org.springframework.security.web.session.DisableEncodeUrlFilter@741f8cf, org.springframework.security.web.context.request.async.WebAsyncManagerIntegrationFilter@2926144f, org.springframework.security.web.context.SecurityContextHolderFilter@31b827a6, org.springframework.security.web.header.HeaderWriterFilter@3c5d183, org.springframework.web.filter.CorsFilter@1df8ea34, org.springframework.security.web.authentication.logout.LogoutFilter@413a2520, com.example.welcomebackend.config.JwtAuthFilter@2a728076, org.springframework.security.web.savedrequest.RequestCacheAwareFilter@203b98cf, org.springframework.security.web.servletapi.SecurityContextHolderAwareRequestFilter@52bcd7c9, org.springframework.security.web.authentication.AnonymousAuthenticationFilter@6b0636d9, org.springframework.security.web.session.SessionManagementFilter@106e6dfe, org.springframework.security.web.access.ExceptionTranslationFilter@77a13162, org.springframework.security.web.access.intercept.AuthorizationFilter@1027cdcd]] (1/1)
2025-11-26T16:41:16.034-05:00 DEBUG 40897 --- [process] [o-auto-1-exec-1] o.s.security.web.FilterChainProxy        : Securing POST /api/auth/login
2025-11-26T16:41:16.034-05:00 TRACE 40897 --- [process] [o-auto-1-exec-1] o.s.security.web.FilterChainProxy        : Invoking DisableEncodeUrlFilter (1/13)
2025-11-26T16:41:16.034-05:00 TRACE 40897 --- [process] [o-auto-1-exec-1] o.s.security.web.FilterChainProxy        : Invoking WebAsyncManagerIntegrationFilter (2/13)
2025-11-26T16:41:16.034-05:00 TRACE 40897 --- [process] [o-auto-1-exec-1] o.s.security.web.FilterChainProxy        : Invoking SecurityContextHolderFilter (3/13)
[...]
2025-11-26T16:41:16.729-05:00 TRACE 40897 --- [process] [o-auto-1-exec-6] estMatcherDelegatingAuthorizationManager : Checking authorization on SecurityContextHolderAwareRequestWrapper[ org.springframework.security.web.header.HeaderWriterFilter$HeaderWriterRequest@18da974] using org.springframework.security.config.annotation.web.configurers.AuthorizeHttpRequestsConfigurer$$Lambda$1671/0x00007fc398969de0@402cf5d1
2025-11-26T16:41:16.729-05:00 DEBUG 40897 --- [process] [o-auto-1-exec-6] o.s.security.web.FilterChainProxy        : Secured POST /api/auth/login
2025-11-26T16:41:16.729-05:00 TRACE 40897 --- [process] [o-auto-1-exec-1] o.s.security.web.FilterChainProxy        : Trying to match request against DefaultSecurityFilterChain [RequestMatcher=any request, Filters=[org.springframework.security.web.session.DisableEncodeUrlFilter@741f8cf, org.springframework.security.web.context.request.async.WebAsyncManagerIntegrationFilter@2926144f, org.springframework.security.web.context.SecurityContextHolderFilter@31b827a6, org.springframework.security.web.header.HeaderWriterFilter@3c5d183, org.springframework.web.filter.CorsFilter@1df8ea34, org.springframework.security.web.authentication.logout.LogoutFilter@413a2520, com.example.welcomebackend.config.JwtAuthFilter@2a728076, org.springframework.security.web.savedrequest.RequestCacheAwareFilter@203b98cf, org.springframework.security.web.servletapi.SecurityContextHolderAwareRequestFilter@52bcd7c9, org.springframework.security.web.authentication.AnonymousAuthenticationFilter@6b0636d9, org.springframework.security.web.session.SessionManagementFilter@106e6dfe, org.springframework.security.web.access.ExceptionTranslationFilter@77a13162, org.springframework.security.web.access.intercept.AuthorizationFilter@1027cdcd]] (1/1)
2025-11-26T16:41:16.730-05:00 DEBUG 40897 --- [process] [o-auto-1-exec-1] o.s.security.web.FilterChainProxy        : Securing POST /api/auth/login
2025-11-26T16:41:16.730-05:00 TRACE 40897 --- [process] [o-auto-1-exec-1] o.s.security.web.FilterChainProxy        : Invoking DisableEncodeUrlFilter (1/13)
2025-11-26T16:41:16.730-05:00 TRACE 40897 --- [process] [o-auto-1-exec-1] o.s.security.web.FilterChainProxy        : Invoking WebAsyncManagerIntegrationFilter (2/13)
2025-11-26T16:41:16.730-05:00 TRACE 40897 --- [process] [o-auto-1-exec-1] o.s.security.web.FilterChainProxy        : Invoking SecurityContextHolderFilter (3/13)
2025-11-26T16:41:16.730-05:00 TRACE 40897 --- [process] [o-auto-1-exec-1] o.s.security.web.FilterChainProxy        : Invoking HeaderWriterFilter (4/13)
2025-11-26T16:41:16.730-05:00 TRACE 40897 --- [process] [o-auto-1-exec-1] o.s.security.web.FilterChainProxy        : Invoking CorsFilter (5/13)
2025-11-26T16:41:16.730-05:00 TRACE 40897 --- [process] [o-auto-1-exec-1] o.s.security.web.FilterChainProxy        : Invoking LogoutFilter (6/13)
2025-11-26T16:41:16.730-05:00 TRACE 40897 --- [process] [o-auto-1-exec-1] o.s.s.w.a.logout.LogoutFilter            : Did not match request to Or [Ant [pattern='/logout', GET], Ant [pattern='/logout', POST], Ant [pattern='/logout', PUT], Ant [pattern='/logout', DELETE]]
2025-11-26T16:41:16.730-05:00 TRACE 40897 --- [process] [o-auto-1-exec-1] o.s.security.web.FilterChainProxy        : Invoking JwtAuthFilter (7/13)
2025-11-26T16:41:16.730-05:00 TRACE 40897 --- [process] [o-auto-1-exec-1] o.s.security.web.FilterChainProxy        : Invoking RequestCacheAwareFilter (8/13)
2025-11-26T16:41:16.730-05:00 TRACE 40897 --- [process] [o-auto-1-exec-1] o.s.security.web.FilterChainProxy        : Invoking SecurityContextHolderAwareRequestFilter (9/13)
2025-11-26T16:41:16.730-05:00 TRACE 40897 --- [process] [o-auto-1-exec-1] o.s.security.web.FilterChainProxy        : Invoking AnonymousAuthenticationFilter (10/13)
2025-11-26T16:41:16.730-05:00 TRACE 40897 --- [process] [o-auto-1-exec-1] o.s.security.web.FilterChainProxy        : Invoking SessionManagementFilter (11/13)
2025-11-26T16:41:16.730-05:00 TRACE 40897 --- [process] [o-auto-1-exec-1] .s.s.w.c.SupplierDeferredSecurityContext : Created SecurityContextImpl [Null authentication]
2025-11-26T16:41:16.730-05:00 TRACE 40897 --- [process] [o-auto-1-exec-1] o.s.s.w.a.AnonymousAuthenticationFilter  : Set SecurityContextHolder to AnonymousAuthenticationToken [Principal=anonymousUser, Credentials=[PROTECTED], Authenticated=true, Details=WebAuthenticationDetails [RemoteIpAddress=127.0.0.1, SessionId=null], Granted Authorities=[ROLE_ANONYMOUS]]
2025-11-26T16:41:16.730-05:00 TRACE 40897 --- [process] [o-auto-1-exec-1] o.s.security.web.FilterChainProxy        : Invoking ExceptionTranslationFilter (12/13)
2025-11-26T16:41:16.730-05:00 TRACE 40897 --- [process] [o-auto-1-exec-1] o.s.security.web.FilterChainProxy        : Invoking AuthorizationFilter (13/13)
2025-11-26T16:41:16.730-05:00 TRACE 40897 --- [process] [o-auto-1-exec-1] estMatcherDelegatingAuthorizationManager : Authorizing SecurityContextHolderAwareRequestWrapper[ org.springframework.security.web.header.HeaderWriterFilter$HeaderWriterRequest@74a5ef34]
2025-11-26T16:41:16.730-05:00 TRACE 40897 --- [process] [o-auto-1-exec-1] estMatcherDelegatingAuthorizationManager : Checking authorization on SecurityContextHolderAwareRequestWrapper[ org.springframework.security.web.header.HeaderWriterFilter$HeaderWriterRequest@74a5ef34] using org.springframework.security.config.annotation.web.configurers.AuthorizeHttpRequestsConfigurer$$Lambda$1671/0x00007fc398969de0@402cf5d1
2025-11-26T16:41:16.730-05:00 DEBUG 40897 --- [process] [o-auto-1-exec-1] o.s.security.web.FilterChainProxy        : Secured POST /api/auth/login
Hibernate: 
    select
        au1_0.id,
        au1_0.company_id,
        au1_0.email,
        au1_0.full_name,
        au1_0.password,
        au1_0.username 
    from
        app_users au1_0 
    where
        au1_0.username=?
Hibernate: 
    select
        au1_0.id,
        au1_0.company_id,
        au1_0.email,
        au1_0.full_name,
        au1_0.password,
        au1_0.username 
    from
        app_users au1_0 
    where
        au1_0.username=?
Hibernate: 
    select
        r1_0.user_id,
        r1_1.id,
        r1_1.company_id,
        r1_1.description,
        r1_1.name 
    from
        user_roles r1_0 
    join
        roles r1_1 
            on r1_1.id=r1_0.role_id 
    where
        r1_0.user_id=?
Hibernate: 
    select
        r1_0.user_id,
        r1_1.id,
        r1_1.company_id,
        r1_1.description,
        r1_1.name 
    from
        user_roles r1_0 
    join
        roles r1_1 
            on r1_1.id=r1_0.role_id 
    where
        r1_0.user_id=?
2025-11-26T16:41:16.746-05:00 TRACE 40897 --- [process] [o-auto-1-exec-9] o.s.s.w.header.writers.HstsHeaderWriter  : Not injecting HSTS header since it did not match request to [Is Secure]
2025-11-26T16:41:16.749-05:00 TRACE 40897 --- [process] [o-auto-1-exec-9] o.s.security.web.FilterChainProxy        : Trying to match request against DefaultSecurityFilterChain [RequestMatcher=any request, Filters=[org.springframework.security.web.session.DisableEncodeUrlFilter@741f8cf, org.springframework.security.web.context.request.async.WebAsyncManagerIntegrationFilter@2926144f, org.springframework.security.web.context.SecurityContextHolderFilter@31b827a6, org.springframework.security.web.header.HeaderWriterFilter@3c5d183, org.springframework.web.filter.CorsFilter@1df8ea34, org.springframework.security.web.authentication.logout.LogoutFilter@413a2520, com.example.welcomebackend.config.JwtAuthFilter@2a728076, org.springframework.security.web.savedrequest.RequestCacheAwareFilter@203b98cf, org.springframework.security.web.servletapi.SecurityContextHolderAwareRequestFilter@52bcd7c9, org.springframework.security.web.authentication.AnonymousAuthenticationFilter@6b0636d9, org.springframework.security.web.session.SessionManagementFilter@106e6dfe, org.springframework.security.web.access.ExceptionTranslationFilter@77a13162, org.springframework.security.web.access.intercept.AuthorizationFilter@1027cdcd]] (1/1)
2025-11-26T16:41:16.749-05:00 DEBUG 40897 --- [process] [o-auto-1-exec-9] o.s.security.web.FilterChainProxy        : Securing POST /api/auth/login
2025-11-26T16:41:16.749-05:00 TRACE 40897 --- [process] [o-auto-1-exec-9] o.s.security.web.FilterChainProxy        : Invoking DisableEncodeUrlFilter (1/13)
2025-11-26T16:41:16.749-05:00 TRACE 40897 --- [process] [o-auto-1-exec-9] o.s.security.web.FilterChainProxy        : Invoking WebAsyncManagerIntegrationFilter (2/13)
2025-11-26T16:41:16.749-05:00 TRACE 40897 --- [process] [o-auto-1-exec-9] o.s.security.web.FilterChainProxy        : Invoking SecurityContextHolderFilter (3/13)
2025-11-26T16:41:16.749-05:00 TRACE 40897 --- [process] [o-auto-1-exec-9] o.s.security.web.FilterChainProxy        : Invoking HeaderWriterFilter (4/13)
2025-11-26T16:41:16.749-05:00 TRACE 40897 --- [process] [o-auto-1-exec-9] o.s.security.web.FilterChainProxy        : Invoking CorsFilter (5/13)
2025-11-26T16:41:16.749-05:00 TRACE 40897 --- [process] [o-auto-1-exec-9] o.s.security.web.FilterChainProxy        : Invoking LogoutFilter (6/13)
2025-11-26T16:41:16.749-05:00 TRACE 40897 --- [process] [o-auto-1-exec-9] o.s.s.w.a.logout.LogoutFilter            : Did not match request to Or [Ant [pattern='/logout', GET], Ant [pattern='/logout', POST], Ant [pattern='/logout', PUT], Ant [pattern='/logout', DELETE]]
2025-11-26T16:41:16.749-05:00 TRACE 40897 --- [process] [o-auto-1-exec-9] o.s.security.web.FilterChainProxy        : Invoking JwtAuthFilter (7/13)
2025-11-26T16:41:16.749-05:00 TRACE 40897 --- [process] [o-auto-1-exec-9] o.s.security.web.FilterChainProxy        : Invoking RequestCacheAwareFilter (8/13)
2025-11-26T16:41:16.749-05:00 TRACE 40897 --- [process] [o-auto-1-exec-9] o.s.security.web.FilterChainProxy        : Invoking SecurityContextHolderAwareRequestFilter (9/13)
2025-11-26T16:41:16.749-05:00 TRACE 40897 --- [process] [o-auto-1-exec-9] o.s.security.web.FilterChainProxy        : Invoking AnonymousAuthenticationFilter (10/13)
2025-11-26T16:41:16.749-05:00 TRACE 40897 --- [process] [o-auto-1-exec-9] o.s.security.web.FilterChainProxy        : Invoking SessionManagementFilter (11/13)
2025-11-26T16:41:16.749-05:00 TRACE 40897 --- [process] [o-auto-1-exec-9] .s.s.w.c.SupplierDeferredSecurityContext : Created SecurityContextImpl [Null authentication]
2025-11-26T16:41:16.750-05:00 TRACE 40897 --- [process] [o-auto-1-exec-9] o.s.s.w.a.AnonymousAuthenticationFilter  : Set SecurityContextHolder to AnonymousAuthenticationToken [Principal=anonymousUser, Credentials=[PROTECTED], Authenticated=true, Details=WebAuthenticationDetails [RemoteIpAddress=127.0.0.1, SessionId=null], Granted Authorities=[ROLE_ANONYMOUS]]
2025-11-26T16:41:16.750-05:00 TRACE 40897 --- [process] [o-auto-1-exec-9] o.s.security.web.FilterChainProxy        : Invoking ExceptionTranslationFilter (12/13)
2025-11-26T16:41:16.750-05:00 TRACE 40897 --- [process] [o-auto-1-exec-9] o.s.security.web.FilterChainProxy        : Invoking AuthorizationFilter (13/13)
2025-11-26T16:41:16.750-05:00 TRACE 40897 --- [process] [o-auto-1-exec-9] estMatcherDelegatingAuthorizationManager : Authorizing SecurityContextHolderAwareRequestWrapper[ org.springframework.security.web.header.HeaderWriterFilter$HeaderWriterRequest@4da2ae5]
2025-11-26T16:41:16.750-05:00 TRACE 40897 --- [process] [o-auto-1-exec-9] estMatcherDelegatingAuthorizationManager : Checking authorization on SecurityContextHolderAwareRequestWrapper[ org.springframework.security.web.header.HeaderWriterFilter$HeaderWriterRequest@4da2ae5] using org.springframework.security.config.annotation.web.configurers.AuthorizeHttpRequestsConfigurer$$Lambda$1671/0x00007fc398969de0@402cf5d1
2025-11-26T16:41:16.750-05:00 DEBUG 40897 --- [process] [o-auto-1-exec-9] o.s.security.web.FilterChainProxy        : Secured POST /api/auth/login
Hibernate: 
    select
        au1_0.id,
        au1_0.company_id,
        au1_0.email,
        au1_0.full_name,
        au1_0.password,
        au1_0.username 
    from
        app_users au1_0 
    where
        au1_0.username=?
Hibernate: 
    select
        r1_0.user_id,
        r1_1.id,
        r1_1.company_id,
        r1_1.description,
        r1_1.name 
    from
        user_roles r1_0 
    join
        roles r1_1 
            on r1_1.id=r1_0.role_id 
    where
        r1_0.user_id=?
2025-11-26T16:41:16.756-05:00 TRACE 40897 --- [process] [-auto-1-exec-10] o.s.s.w.header.writers.HstsHeaderWriter  : Not injecting HSTS header since it did not match request to [Is Secure]
2025-11-26T16:41:16.759-05:00 TRACE 40897 --- [process] [-auto-1-exec-10] o.s.security.web.FilterChainProxy        : Trying to match request against DefaultSecurityFilterChain [RequestMatcher=any request, Filters=[org.springframework.security.web.session.DisableEncodeUrlFilter@741f8cf, org.springframework.security.web.context.request.async.WebAsyncManagerIntegrationFilter@2926144f, org.springframework.security.web.context.SecurityContextHolderFilter@31b827a6, org.springframework.security.web.header.HeaderWriterFilter@3c5d183, org.springframework.web.filter.CorsFilter@1df8ea34, org.springframework.security.web.authentication.logout.LogoutFilter@413a2520, com.example.welcomebackend.config.JwtAuthFilter@2a728076, org.springframework.security.web.savedrequest.RequestCacheAwareFilter@203b98cf, org.springframework.security.web.servletapi.SecurityContextHolderAwareRequestFilter@52bcd7c9, org.springframework.security.web.authentication.AnonymousAuthenticationFilter@6b0636d9, org.springframework.security.web.session.SessionManagementFilter@106e6dfe, org.springframework.security.web.access.ExceptionTranslationFilter@77a13162, org.springframework.security.web.access.intercept.AuthorizationFilter@1027cdcd]] (1/1)
2025-11-26T16:41:16.759-05:00 DEBUG 40897 --- [process] [-auto-1-exec-10] o.s.security.web.FilterChainProxy        : Securing POST /api/auth/login
2025-11-26T16:41:16.759-05:00 TRACE 40897 --- [process] [-auto-1-exec-10] o.s.security.web.FilterChainProxy        : Invoking DisableEncodeUrlFilter (1/13)
2025-11-26T16:41:16.759-05:00 TRACE 40897 --- [process] [-auto-1-exec-10] o.s.security.web.FilterChainProxy        : Invoking WebAsyncManagerIntegrationFilter (2/13)
2025-11-26T16:41:16.759-05:00 TRACE 40897 --- [process] [-auto-1-exec-10] o.s.security.web.FilterChainProxy        : Invoking SecurityContextHolderFilter (3/13)
2025-11-26T16:41:16.759-05:00 TRACE 40897 --- [process] [-auto-1-exec-10] o.s.security.web.FilterChainProxy        : Invoking HeaderWriterFilter (4/13)
2025-11-26T16:41:16.759-05:00 TRACE 40897 --- [process] [-auto-1-exec-10] o.s.security.web.FilterChainProxy        : Invoking CorsFilter (5/13)
2025-11-26T16:41:16.760-05:00 TRACE 40897 --- [process] [-auto-1-exec-10] o.s.security.web.FilterChainProxy        : Invoking LogoutFilter (6/13)
2025-11-26T16:41:16.760-05:00 TRACE 40897 --- [process] [-auto-1-exec-10] o.s.s.w.a.logout.LogoutFilter            : Did not match request to Or [Ant [pattern='/logout', GET], Ant [pattern='/logout', POST], Ant [pattern='/logout', PUT], Ant [pattern='/logout', DELETE]]
2025-11-26T16:41:16.760-05:00 TRACE 40897 --- [process] [-auto-1-exec-10] o.s.security.web.FilterChainProxy        : Invoking JwtAuthFilter (7/13)
2025-11-26T16:41:16.760-05:00 TRACE 40897 --- [process] [-auto-1-exec-10] o.s.security.web.FilterChainProxy        : Invoking RequestCacheAwareFilter (8/13)
2025-11-26T16:41:16.760-05:00 TRACE 40897 --- [process] [-auto-1-exec-10] o.s.security.web.FilterChainProxy        : Invoking SecurityContextHolderAwareRequestFilter (9/13)
2025-11-26T16:41:16.760-05:00 TRACE 40897 --- [process] [-auto-1-exec-10] o.s.security.web.FilterChainProxy        : Invoking AnonymousAuthenticationFilter (10/13)
2025-11-26T16:41:16.760-05:00 TRACE 40897 --- [process] [-auto-1-exec-10] o.s.security.web.FilterChainProxy        : Invoking SessionManagementFilter (11/13)
2025-11-26T16:41:16.760-05:00 TRACE 40897 --- [process] [-auto-1-exec-10] .s.s.w.c.SupplierDeferredSecurityContext : Created SecurityContextImpl [Null authentication]
2025-11-26T16:41:16.760-05:00 TRACE 40897 --- [process] [-auto-1-exec-10] o.s.s.w.a.AnonymousAuthenticationFilter  : Set SecurityContextHolder to AnonymousAuthenticationToken [Principal=anonymousUser, Credentials=[PROTECTED], Authenticated=true, Details=WebAuthenticationDetails [RemoteIpAddress=127.0.0.1, SessionId=null], Granted Authorities=[ROLE_ANONYMOUS]]
2025-11-26T16:41:16.760-05:00 TRACE 40897 --- [process] [-auto-1-exec-10] o.s.security.web.FilterChainProxy        : Invoking ExceptionTranslationFilter (12/13)
2025-11-26T16:41:16.760-05:00 TRACE 40897 --- [process] [-auto-1-exec-10] o.s.security.web.FilterChainProxy        : Invoking AuthorizationFilter (13/13)
2025-11-26T16:41:16.760-05:00 TRACE 40897 --- [process] [-auto-1-exec-10] estMatcherDelegatingAuthorizationManager : Authorizing SecurityContextHolderAwareRequestWrapper[ org.springframework.security.web.header.HeaderWriterFilter$HeaderWriterRequest@47f1197c]
2025-11-26T16:41:16.760-05:00 TRACE 40897 --- [process] [-auto-1-exec-10] estMatcherDelegatingAuthorizationManager : Checking authorization on SecurityContextHolderAwareRequestWrapper[ org.springframework.security.web.header.HeaderWriterFilter$HeaderWriterRequest@47f1197c] using org.springframework.security.config.annotation.web.configurers.AuthorizeHttpRequestsConfigurer$$Lambda$1671/0x00007fc398969de0@402cf5d1
2025-11-26T16:41:16.760-05:00 DEBUG 40897 --- [process] [-auto-1-exec-10] o.s.security.web.FilterChainProxy        : Secured POST /api/auth/login
Hibernate: 
    select
        au1_0.id,
        au1_0.company_id,
        au1_0.email,
        au1_0.full_name,
        au1_0.password,
        au1_0.username 
    from
        app_users au1_0 
    where
        au1_0.username=?
Hibernate: 
    select
        r1_0.user_id,
        r1_1.id,
        r1_1.company_id,
        r1_1.description,
        r1_1.name 
    from
        user_roles r1_0 
    join
        roles r1_1 
            on r1_1.id=r1_0.role_id 
    where
        r1_0.user_id=?
2025-11-26T16:41:16.770-05:00 TRACE 40897 --- [process] [o-auto-1-exec-4] o.s.s.w.header.writers.HstsHeaderWriter  : Not injecting HSTS header since it did not match request to [Is Secure]
2025-11-26T16:41:16.770-05:00 TRACE 40897 --- [process] [o-auto-1-exec-8] o.s.s.w.header.writers.HstsHeaderWriter  : Not injecting HSTS header since it did not match request to [Is Secure]
2025-11-26T16:41:16.793-05:00 TRACE 40897 --- [process] [o-auto-1-exec-2] o.s.s.w.header.writers.HstsHeaderWriter  : Not injecting HSTS header since it did not match request to [Is Secure]
2025-11-26T16:41:16.793-05:00 TRACE 40897 --- [process] [o-auto-1-exec-5] o.s.s.w.header.writers.HstsHeaderWriter  : Not injecting HSTS header since it did not match request to [Is Secure]
2025-11-26T16:41:16.799-05:00 TRACE 40897 --- [process] [o-auto-1-exec-7] o.s.s.w.header.writers.HstsHeaderWriter  : Not injecting HSTS header since it did not match request to [Is Secure]
2025-11-26T16:41:16.802-05:00 TRACE 40897 --- [process] [o-auto-1-exec-6] o.s.s.w.header.writers.HstsHeaderWriter  : Not injecting HSTS header since it did not match request to [Is Secure]
2025-11-26T16:41:16.802-05:00 TRACE 40897 --- [process] [o-auto-1-exec-1] o.s.s.w.header.writers.HstsHeaderWriter  : Not injecting HSTS header since it did not match request to [Is Secure]
2025-11-26T16:41:16.803-05:00 TRACE 40897 --- [process] [o-auto-1-exec-3] o.s.s.w.header.writers.HstsHeaderWriter  : Not injecting HSTS header since it did not match request to [Is Secure]
2025-11-26T16:41:16.821-05:00 TRACE 40897 --- [process] [o-auto-1-exec-9] o.s.s.w.header.writers.HstsHeaderWriter  : Not injecting HSTS header since it did not match request to [Is Secure]
2025-11-26T16:41:16.830-05:00 TRACE 40897 --- [process] [-auto-1-exec-10] o.s.s.w.header.writers.HstsHeaderWriter  : Not injecting HSTS header since it did not match request to [Is Secure]
Auth login concurrent load test finished in 1169 ms
]]></system-out>
  </testcase>
</testsuite>