<?xml version="1.0" encoding="UTF-8"?>
<testsuite xmlns:xsi="http://www.w3.org/2001/XMLSchema-instance" xsi:noNamespaceSchemaLocation="https://maven.apache.org/surefire/maven-surefire-plugin/xsd/surefire-test-report-3.0.xsd" version="3.0" name="com.example.welcomebackend.ui.LoginUiTest" time="0.005" tests="3" errors="0" skipped="3" failures="0">
  <properties/>
  <testcase name="loginPageLoads" classname="com.example.welcomebackend.ui.LoginUiTest" time="0.0">
    <skipped message="Habilita este test cuando tengas el frontend y Chrome disponibles"/>
  </testcase>
  <testcase name="loginFormValidationShowsErrorWhenEmpty" classname="com.example.welcomebackend.ui.LoginUiTest" time="0.0">
    <skipped message="Habilita este test cuando tengas el frontend y Chrome disponibles"/>
  </testcase>
  <testcase name="registerButtonNavigatesToRegister" classname="com.example.welcomebackend.ui.LoginUiTest" time="0.0">
    <skipped message="Habilita este test cuando tengas el frontend y Chrome disponibles"/>
  </testcase>
</testsuite>